{"meta": {"format": 3, "version": "7.13.4", "timestamp": "2026-02-19T02:42:11.730287", "branch_coverage": false, "show_contexts": false}, "files": {"app\\__init__.py": {"executed_lines": [1, 2, 3, 4, 5, 6, 8, 9, 10, 13, 23, 24, 25, 26, 27, 28, 31, 32, 33, 36, 37, 39, 40, 41, 42, 47, 48, 55, 56, 67, 68, 69, 70, 71, 72, 73, 76, 77, 78, 81, 82, 83, 84, 85, 86, 87, 88, 91, 94, 95, 99, 100, 101, 102, 103, 104, 105, 106, 107, 108, 109, 110, 113, 114, 115, 116, 117, 118, 119, 120, 121, 122, 123, 124, 127, 128, 131, 132, 151, 152, 159], "summary": {"covered_lines": 81, "num_statements": 87, "percent_covered": 93.10344827586206, "percent_covered_display": "93", "missing_lines": 6, "excluded_lines": 0, "percent_statements_covered": 93.10344827586206, "percent_statements_covered_display": "93"}, "missing_lines": [49, 50, 57, 58, 133, 153], "excluded_lines": [], "functions": {"create_app": {"executed_lines": [9, 10, 13, 23, 24, 25, 26, 27, 28, 31, 32, 33, 36, 37, 39, 40, 47, 48, 55, 56, 67, 68, 69, 70, 71, 72, 73, 76, 77, 78, 81, 82, 83, 84, 85, 86, 87, 88, 91, 94, 95, 99, 100, 101, 102, 103, 104, 105, 106, 107, 108, 109, 110, 113, 114, 115, 116, 117, 118, 119, 120, 121, 122, 123, 124, 127, 128, 131, 132, 151, 152, 159], "summary": {"covered_lines": 72, "num_statements": 72, "percent_covered": 100.0, "percent_covered_display": "100", "missing_lines": 0, "excluded_lines": 0, "percent_statements_covered": 100.0, "percent_statements_covered_display": "100"}, "missing_lines": [], "excluded_lines": [], "start_line": 8}, "create_app.missing_token_callback": {"executed_lines": [41, 42], "summary": {"covered_lines": 2, "num_statements": 2, "percent_covered": 100.0, "percent_covered_display": "100", "missing_lines": 0, "excluded_lines": 0, "percent_statements_covered": 100.0, "percent_statements_covered_display": "100"}, "missing_lines": [], "excluded_lines": [], "start_line": 40}, "create_app.invalid_token_callback": {"executed_lines": [], "summary": {"covered_lines": 0, "num_statements": 2, "percent_covered": 0.0, "percent_covered_display": "0", "missing_lines": 2, "excluded_lines": 0, "percent_statements_covered": 0.0, "percent_statements_covered_display": "0"}, "missing_lines": [49, 50], "excluded_lines": [], "start_line": 48}, "create_app.expired_token_callback": {"executed_lines": [], "summary": {"covered_lines": 0, "num_statements": 2, "percent_covered": 0.0, "percent_covered_display": "0", "missing_lines": 2, "excluded_lines": 0, "percent_statements_covered": 0.0, "percent_statements_covered_display": "0"}, "missing_lines": [57, 58], "excluded_lines": [], "start_line": 56}, "create_app.root": {"executed_lines": [], "summary": {"covered_lines": 0, "num_statements": 1, "percent_covered": 0.0, "percent_covered_display": "0", "missing_lines": 1, "excluded_lines": 0, "percent_statements_covered": 0.0, "percent_statements_covered_display": "0"}, "missing_lines": [133], "excluded_lines": [], "start_line": 132}, "create_app.health_check": {"executed_lines": [], "summary": {"covered_lines": 0, "num_statements": 1, "percent_covered": 0.0, "percent_covered_display": "0", "missing_lines": 1, "excluded_lines": 0, "percent_statements_covered": 0.0, "percent_statements_covered_display": "0"}, "missing_lines": [153], "excluded_lines": [], "start_line": 152}, "": {"executed_lines": [1, 2, 3, 4, 5, 6, 8], "summary": {"covered_lines": 7, "num_statements": 7, "percent_covered": 100.0, "percent_covered_display": "100", "missing_lines": 0, "excluded_lines": 0, "percent_statements_covered": 100.0, "percent_statements_covered_display": "100"}, "missing_lines": [], "excluded_lines": [], "start_line": 1}}, "classes": {"": {"executed_lines": [1, 2, 3, 4, 5, 6, 8, 9, 10, 13, 23, 24, 25, 26, 27, 28, 31, 32, 33, 36, 37, 39, 40, 41, 42, 47, 48, 55, 56, 67, 68, 69, 70, 71, 72, 73, 76, 77, 78, 81, 82, 83, 84, 85, 86, 87, 88, 91, 94, 95, 99, 100, 101, 102, 103, 104, 105, 106, 107, 108, 109, 110, 113, 114, 115, 116, 117, 118, 119, 120, 121, 122, 123, 124, 127, 128, 131, 132, 151, 152, 159], "summary": {"covered_lines": 81, "num_statements": 87, "percent_covered": 93.10344827586206, "percent_covered_display": "93", "missing_lines": 6, "excluded_lines": 0, "percent_statements_covered": 93.10344827586206, "percent_statements_covered_display": "93"}, "missing_lines": [49, 50, 57, 58, 133, 153], "excluded_lines": [], "start_line": 1}}}, "app\\config.py": {"executed_lines": [1, 3, 5, 6, 7, 10, 11, 14, 17, 18, 21], "summary": {"covered_lines": 11, "num_statements": 11, "percent_covered": 100.0, "percent_covered_display": "100", "missing_lines": 0, "excluded_lines": 0, "percent_statements_covered": 100.0, "percent_statements_covered_display": "100"}, "missing_lines": [], "excluded_lines": [], "functions": {"": {"executed_lines": [1, 3, 5, 6, 7, 10, 11, 14, 17, 18, 21], "summary": {"covered_lines": 11, "num_statements": 11, "percent_covered": 100.0, "percent_covered_display": "100", "missing_lines": 0, "excluded_lines": 0, "percent_statements_covered": 100.0, "percent_statements_covered_display": "100"}, "missing_lines": [], "excluded_lines": [], "start_line": 1}}, "classes": {"Config": {"executed_lines": [], "summary": {"covered_lines": 0, "num_statements": 0, "percent_covered": 100.0, "percent_covered_display": "100", "missing_lines": 0, "excluded_lines": 0, "percent_statements_covered": 100.0, "percent_statements_covered_display": "100"}, "missing_lines": [], "excluded_lines": [], "start_line": 3}, "": {"executed_lines": [1, 3, 5, 6, 7, 10, 11, 14, 17, 18, 21], "summary": {"covered_lines": 11, "num_statements": 11, "percent_covered": 100.0, "percent_covered_display": "100", "missing_lines": 0, "excluded_lines": 0, "percent_statements_covered": 100.0, "percent_statements_covered_display": "100"}, "missing_lines": [], "excluded_lines": [], "start_line": 1}}}, "app\\constants\\gamification.py": {"executed_lines": [11, 14, 51, 62, 72, 76, 101, 112, 132, 138, 139, 142, 172, 195, 196, 199, 200, 203, 206], "summary": {"covered_lines": 19, "num_statements": 19, "percent_covered": 100.0, "percent_covered_display": "100", "missing_lines": 0, "excluded_lines": 0, "percent_statements_covered": 100.0, "percent_statements_covered_display": "100"}, "missing_lines": [], "excluded_lines": [], "functions": {"": {"executed_lines": [11, 14, 51, 62, 72, 76, 101, 112, 132, 138, 139, 142, 172, 195, 196, 199, 200, 203, 206], "summary": {"covered_lines": 19, "num_statements": 19, "percent_covered": 100.0, "percent_covered_display": "100", "missing_lines": 0, "excluded_lines": 0, "percent_statements_covered": 100.0, "percent_statements_covered_display": "100"}, "missing_lines": [], "excluded_lines": [], "start_line": 1}}, "classes": {"": {"executed_lines": [11, 14, 51, 62, 72, 76, 101, 112, 132, 138, 139, 142, 172, 195, 196, 199, 200, 203, 206], "summary": {"covered_lines": 19, "num_statements": 19, "percent_covered": 100.0, "percent_covered_display": "100", "missing_lines": 0, "excluded_lines": 0, "percent_statements_covered": 100.0, "percent_statements_covered_display": "100"}, "missing_lines": [], "excluded_lines": [], "start_line": 1}}}, "app\\error_handlers.py": {"executed_lines": [1, 4, 5, 6, 7, 9, 10, 13, 14, 17, 18], "summary": {"covered_lines": 11, "num_statements": 14, "percent_covered": 78.57142857142857, "percent_covered_display": "79", "missing_lines": 3, "excluded_lines": 0, "percent_statements_covered": 78.57142857142857, "percent_statements_covered_display": "79"}, "missing_lines": [11, 15, 19], "excluded_lines": [], "functions": {"register_error_handlers": {"executed_lines": [6, 9, 10, 13, 14, 17, 18], "summary": {"covered_lines": 7, "num_statements": 7, "percent_covered": 100.0, "percent_covered_display": "100", "missing_lines": 0, "excluded_lines": 0, "percent_statements_covered": 100.0, "percent_statements_covered_display": "100"}, "missing_lines": [], "excluded_lines": [], "start_line": 4}, "register_error_handlers.not_found_error": {"executed_lines": [7], "summary": {"covered_lines": 1, "num_statements": 1, "percent_covered": 100.0, "percent_covered_display": "100", "missing_lines": 0, "excluded_lines": 0, "percent_statements_covered": 100.0, "percent_statements_covered_display": "100"}, "missing_lines": [], "excluded_lines": [], "start_line": 6}, "register_error_handlers.forbidden_error": {"executed_lines": [], "summary": {"covered_lines": 0, "num_statements": 1, "percent_covered": 0.0, "percent_covered_display": "0", "missing_lines": 1, "excluded_lines": 0, "percent_statements_covered": 0.0, "percent_statements_covered_display": "0"}, "missing_lines": [11], "excluded_lines": [], "start_line": 10}, "register_error_handlers.internal_error": {"executed_lines": [], "summary": {"covered_lines": 0, "num_statements": 1, "percent_covered": 0.0, "percent_covered_display": "0", "missing_lines": 1, "excluded_lines": 0, "percent_statements_covered": 0.0, "percent_statements_covered_display": "0"}, "missing_lines": [15], "excluded_lines": [], "start_line": 14}, "register_error_handlers.method_not_allowed": {"executed_lines": [], "summary": {"covered_lines": 0, "num_statements": 1, "percent_covered": 0.0, "percent_covered_display": "0", "missing_lines": 1, "excluded_lines": 0, "percent_statements_covered": 0.0, "percent_statements_covered_display": "0"}, "missing_lines": [19], "excluded_lines": [], "start_line": 18}, "": {"executed_lines": [1, 4, 5], "summary": {"covered_lines": 3, "num_statements": 3, "percent_covered": 100.0, "percent_covered_display": "100", "missing_lines": 0, "excluded_lines": 0, "percent_statements_covered": 100.0, "percent_statements_covered_display": "100"}, "missing_lines": [], "excluded_lines": [], "start_line": 1}}, "classes": {"": {"executed_lines": [1, 4, 5, 6, 7, 9, 10, 13, 14, 17, 18], "summary": {"covered_lines": 11, "num_statements": 14, "percent_covered": 78.57142857142857, "percent_covered_display": "79", "missing_lines": 3, "excluded_lines": 0, "percent_statements_covered": 78.57142857142857, "percent_statements_covered_display": "79"}, "missing_lines": [11, 15, 19], "excluded_lines": [], "start_line": 1}}}, "app\\exceptions.py": {"executed_lines": [6, 8, 11, 13, 16, 18, 21, 23, 26, 28], "summary": {"covered_lines": 10, "num_statements": 10, "percent_covered": 100.0, "percent_covered_display": "100", "missing_lines": 0, "excluded_lines": 0, "percent_statements_covered": 100.0, "percent_statements_covered_display": "100"}, "missing_lines": [], "excluded_lines": [], "functions": {"": {"executed_lines": [6, 8, 11, 13, 16, 18, 21, 23, 26, 28], "summary": {"covered_lines": 10, "num_statements": 10, "percent_covered": 100.0, "percent_covered_display": "100", "missing_lines": 0, "excluded_lines": 0, "percent_statements_covered": 100.0, "percent_statements_covered_display": "100"}, "missing_lines": [], "excluded_lines": [], "start_line": 1}}, "classes": {"ValidationError": {"executed_lines": [], "summary": {"covered_lines": 0, "num_statements": 0, "percent_covered": 100.0, "percent_covered_display": "100", "missing_lines": 0, "excluded_lines": 0, "percent_statements_covered": 100.0, "percent_statements_covered_display": "100"}, "missing_lines": [], "excluded_lines": [], "start_line": 6}, "AlreadyScoredError": {"executed_lines": [], "summary": {"covered_lines": 0, "num_statements": 0, "percent_covered": 100.0, "percent_covered_display": "100", "missing_lines": 0, "excluded_lines": 0, "percent_statements_covered": 100.0, "percent_statements_covered_display": "100"}, "missing_lines": [], "excluded_lines": [], "start_line": 11}, "ScoringError": {"executed_lines": [], "summary": {"covered_lines": 0, "num_statements": 0, "percent_covered": 100.0, "percent_covered_display": "100", "missing_lines": 0, "excluded_lines": 0, "percent_statements_covered": 100.0, "percent_statements_covered_display": "100"}, "missing_lines": [], "excluded_lines": [], "start_line": 16}, "NotScoredError": {"executed_lines": [], "summary": {"covered_lines": 0, "num_statements": 0, "percent_covered": 100.0, "percent_covered_display": "100", "missing_lines": 0, "excluded_lines": 0, "percent_statements_covered": 100.0, "percent_statements_covered_display": "100"}, "missing_lines": [], "excluded_lines": [], "start_line": 21}, "LanguageProficiencyError": {"executed_lines": [], "summary": {"covered_lines": 0, "num_statements": 0, "percent_covered": 100.0, "percent_covered_display": "100", "missing_lines": 0, "excluded_lines": 0, "percent_statements_covered": 100.0, "percent_statements_covered_display": "100"}, "missing_lines": [], "excluded_lines": [], "start_line": 26}, "": {"executed_lines": [6, 8, 11, 13, 16, 18, 21, 23, 26, 28], "summary": {"covered_lines": 10, "num_statements": 10, "percent_covered": 100.0, "percent_covered_display": "100", "missing_lines": 0, "excluded_lines": 0, "percent_statements_covered": 100.0, "percent_statements_covered_display": "100"}, "missing_lines": [], "excluded_lines": [], "start_line": 1}}}, "app\\extensions.py": {"executed_lines": [1, 2, 4, 5], "summary": {"covered_lines": 4, "num_statements": 4, "percent_covered": 100.0, "percent_covered_display": "100", "missing_lines": 0, "excluded_lines": 0, "percent_statements_covered": 100.0, "percent_statements_covered_display": "100"}, "missing_lines": [], "excluded_lines": [], "functions": {"": {"executed_lines": [1, 2, 4, 5], "summary": {"covered_lines": 4, "num_statements": 4, "percent_covered": 100.0, "percent_covered_display": "100", "missing_lines": 0, "excluded_lines": 0, "percent_statements_covered": 100.0, "percent_statements_covered_display": "100"}, "missing_lines": [], "excluded_lines": [], "start_line": 1}}, "classes": {"": {"executed_lines": [1, 2, 4, 5], "summary": {"covered_lines": 4, "num_statements": 4, "percent_covered": 100.0, "percent_covered_display": "100", "missing_lines": 0, "excluded_lines": 0, "percent_statements_covered": 100.0, "percent_statements_covered_display": "100"}, "missing_lines": [], "excluded_lines": [], "start_line": 1}}}, "app\\models\\__init__.py": {"executed_lines": [2, 3, 4, 5, 6, 7, 8, 9, 10], "summary": {"covered_lines": 9, "num_statements": 9, "percent_covered": 100.0, "percent_covered_display": "100", "missing_lines": 0, "excluded_lines": 0, "percent_statements_covered": 100.0, "percent_statements_covered_display": "100"}, "missing_lines": [], "excluded_lines": [], "functions": {"": {"executed_lines": [2, 3, 4, 5, 6, 7, 8, 9, 10], "summary": {"covered_lines": 9, "num_statements": 9, "percent_covered": 100.0, "percent_covered_display": "100", "missing_lines": 0, "excluded_lines": 0, "percent_statements_covered": 100.0, "percent_statements_covered_display": "100"}, "missing_lines": [], "excluded_lines": [], "start_line": 1}}, "classes": {"": {"executed_lines": [2, 3, 4, 5, 6, 7, 8, 9, 10], "summary": {"covered_lines": 9, "num_statements": 9, "percent_covered": 100.0, "percent_covered_display": "100", "missing_lines": 0, "excluded_lines": 0, "percent_statements_covered": 100.0, "percent_statements_covered_display": "100"}, "missing_lines": [], "excluded_lines": [], "start_line": 1}}}, "app\\models\\college.py": {"executed_lines": [1, 2, 3, 5, 6, 8, 10, 11, 13, 14, 15, 17, 18, 19, 20, 22, 24, 26, 31, 32, 34, 37, 48, 53], "summary": {"covered_lines": 24, "num_statements": 35, "percent_covered": 68.57142857142857, "percent_covered_display": "69", "missing_lines": 11, "excluded_lines": 0, "percent_statements_covered": 68.57142857142857, "percent_statements_covered_display": "69"}, "missing_lines": [35, 39, 40, 41, 42, 43, 44, 45, 46, 51, 56], "excluded_lines": [], "functions": {"College.set_password": {"executed_lines": [32], "summary": {"covered_lines": 1, "num_statements": 1, "percent_covered": 100.0, "percent_covered_display": "100", "missing_lines": 0, "excluded_lines": 0, "percent_statements_covered": 100.0, "percent_statements_covered_display": "100"}, "missing_lines": [], "excluded_lines": [], "start_line": 31}, "College.check_password": {"executed_lines": [], "summary": {"covered_lines": 0, "num_statements": 1, "percent_covered": 0.0, "percent_covered_display": "0", "missing_lines": 1, "excluded_lines": 0, "percent_statements_covered": 0.0, "percent_statements_covered_display": "0"}, "missing_lines": [35], "excluded_lines": [], "start_line": 34}, "College.get_full_address": {"executed_lines": [], "summary": {"covered_lines": 0, "num_statements": 8, "percent_covered": 0.0, "percent_covered_display": "0", "missing_lines": 8, "excluded_lines": 0, "percent_statements_covered": 0.0, "percent_statements_covered_display": "0"}, "missing_lines": [39, 40, 41, 42, 43, 44, 45, 46], "excluded_lines": [], "start_line": 37}, "College.validate_student_email": {"executed_lines": [], "summary": {"covered_lines": 0, "num_statements": 1, "percent_covered": 0.0, "percent_covered_display": "0", "missing_lines": 1, "excluded_lines": 0, "percent_statements_covered": 0.0, "percent_statements_covered_display": "0"}, "missing_lines": [51], "excluded_lines": [], "start_line": 48}, "College.validate_personnel_email": {"executed_lines": [], "summary": {"covered_lines": 0, "num_statements": 1, "percent_covered": 0.0, "percent_covered_display": "0", "missing_lines": 1, "excluded_lines": 0, "percent_statements_covered": 0.0, "percent_statements_covered_display": "0"}, "missing_lines": [56], "excluded_lines": [], "start_line": 53}, "": {"executed_lines": [1, 2, 3, 5, 6, 8, 10, 11, 13, 14, 15, 17, 18, 19, 20, 22, 24, 26, 31, 34, 37, 48, 53], "summary": {"covered_lines": 23, "num_statements": 23, "percent_covered": 100.0, "percent_covered_display": "100", "missing_lines": 0, "excluded_lines": 0, "percent_statements_covered": 100.0, "percent_statements_covered_display": "100"}, "missing_lines": [], "excluded_lines": [], "start_line": 1}}, "classes": {"College": {"executed_lines": [32], "summary": {"covered_lines": 1, "num_statements": 12, "percent_covered": 8.333333333333334, "percent_covered_display": "8", "missing_lines": 11, "excluded_lines": 0, "percent_statements_covered": 8.333333333333334, "percent_statements_covered_display": "8"}, "missing_lines": [35, 39, 40, 41, 42, 43, 44, 45, 46, 51, 56], "excluded_lines": [], "start_line": 5}, "": {"executed_lines": [1, 2, 3, 5, 6, 8, 10, 11, 13, 14, 15, 17, 18, 19, 20, 22, 24, 26, 31, 34, 37, 48, 53], "summary": {"covered_lines": 23, "num_statements": 23, "percent_covered": 100.0, "percent_covered_display": "100", "missing_lines": 0, "excluded_lines": 0, "percent_statements_covered": 100.0, "percent_statements_covered_display": "100"}, "missing_lines": [], "excluded_lines": [], "start_line": 1}}}, "app\\models\\college_personnel.py": {"executed_lines": [7, 8, 9, 12, 24, 26, 27, 29, 30, 31, 32, 34, 35, 37, 38, 39, 41, 42, 45, 48, 57, 59, 61, 63, 67, 71, 75, 83, 85, 88, 89, 90, 95, 114], "summary": {"covered_lines": 34, "num_statements": 47, "percent_covered": 72.34042553191489, "percent_covered_display": "72", "missing_lines": 13, "excluded_lines": 0, "percent_statements_covered": 72.34042553191489, "percent_statements_covered_display": "72"}, "missing_lines": [69, 73, 77, 78, 79, 80, 81, 86, 87, 92, 93, 97, 115], "excluded_lines": [], "functions": {"CollegePersonnel.set_password": {"executed_lines": [59], "summary": {"covered_lines": 1, "num_statements": 1, "percent_covered": 100.0, "percent_covered_display": "100", "missing_lines": 0, "excluded_lines": 0, "percent_statements_covered": 100.0, "percent_statements_covered_display": "100"}, "missing_lines": [], "excluded_lines": [], "start_line": 57}, "CollegePersonnel.check_password": {"executed_lines": [63], "summary": {"covered_lines": 1, "num_statements": 1, "percent_covered": 100.0, "percent_covered_display": "100", "missing_lines": 0, "excluded_lines": 0, "percent_statements_covered": 100.0, "percent_statements_covered_display": "100"}, "missing_lines": [], "excluded_lines": [], "start_line": 61}, "CollegePersonnel.get_full_name": {"executed_lines": [], "summary": {"covered_lines": 0, "num_statements": 1, "percent_covered": 0.0, "percent_covered_display": "0", "missing_lines": 1, "excluded_lines": 0, "percent_statements_covered": 0.0, "percent_statements_covered_display": "0"}, "missing_lines": [69], "excluded_lines": [], "start_line": 67}, "CollegePersonnel.get_role_display": {"executed_lines": [], "summary": {"covered_lines": 0, "num_statements": 1, "percent_covered": 0.0, "percent_covered_display": "0", "missing_lines": 1, "excluded_lines": 0, "percent_statements_covered": 0.0, "percent_statements_covered_display": "0"}, "missing_lines": [73], "excluded_lines": [], "start_line": 71}, "CollegePersonnel.has_permission": {"executed_lines": [], "summary": {"covered_lines": 0, "num_statements": 5, "percent_covered": 0.0, "percent_covered_display": "0", "missing_lines": 5, "excluded_lines": 0, "percent_statements_covered": 0.0, "percent_statements_covered_display": "0"}, "missing_lines": [77, 78, 79, 80, 81], "excluded_lines": [], "start_line": 75}, "CollegePersonnel.set_role_permissions": {"executed_lines": [85, 88, 89, 90], "summary": {"covered_lines": 4, "num_statements": 8, "percent_covered": 50.0, "percent_covered_display": "50", "missing_lines": 4, "excluded_lines": 0, "percent_statements_covered": 50.0, "percent_statements_covered_display": "50"}, "missing_lines": [86, 87, 92, 93], "excluded_lines": [], "start_line": 83}, "CollegePersonnel.get_profile_summary": {"executed_lines": [], "summary": {"covered_lines": 0, "num_statements": 1, "percent_covered": 0.0, "percent_covered_display": "0", "missing_lines": 1, "excluded_lines": 0, "percent_statements_covered": 0.0, "percent_statements_covered_display": "0"}, "missing_lines": [97], "excluded_lines": [], "start_line": 95}, "CollegePersonnel.__repr__": {"executed_lines": [], "summary": {"covered_lines": 0, "num_statements": 1, "percent_covered": 0.0, "percent_covered_display": "0", "missing_lines": 1, "excluded_lines": 0, "percent_statements_covered": 0.0, "percent_statements_covered_display": "0"}, "missing_lines": [115], "excluded_lines": [], "start_line": 114}, "": {"executed_lines": [7, 8, 9, 12, 24, 26, 27, 29, 30, 31, 32, 34, 35, 37, 38, 39, 41, 42, 45, 48, 57, 61, 67, 71, 75, 83, 95, 114], "summary": {"covered_lines": 28, "num_statements": 28, "percent_covered": 100.0, "percent_covered_display": "100", "missing_lines": 0, "excluded_lines": 0, "percent_statements_covered": 100.0, "percent_statements_covered_display": "100"}, "missing_lines": [], "excluded_lines": [], "start_line": 1}}, "classes": {"CollegePersonnel": {"executed_lines": [59, 63, 85, 88, 89, 90], "summary": {"covered_lines": 6, "num_statements": 19, "percent_covered": 31.57894736842105, "percent_covered_display": "32", "missing_lines": 13, "excluded_lines": 0, "percent_statements_covered": 31.57894736842105, "percent_statements_covered_display": "32"}, "missing_lines": [69, 73, 77, 78, 79, 80, 81, 86, 87, 92, 93, 97, 115], "excluded_lines": [], "start_line": 12}, "": {"executed_lines": [7, 8, 9, 12, 24, 26, 27, 29, 30, 31, 32, 34, 35, 37, 38, 39, 41, 42, 45, 48, 57, 61, 67, 71, 75, 83, 95, 114], "summary": {"covered_lines": 28, "num_statements": 28, "percent_covered": 100.0, "percent_covered_display": "100", "missing_lines": 0, "excluded_lines": 0, "percent_statements_covered": 100.0, "percent_statements_covered_display": "100"}, "missing_lines": [], "excluded_lines": [], "start_line": 1}}}, "app\\models\\community.py": {"executed_lines": [1, 2, 5, 6, 8, 11, 17, 18, 19, 22, 31, 32, 35, 41, 44, 45, 49, 51, 56, 63, 64, 66, 69, 73, 110, 114], "summary": {"covered_lines": 26, "num_statements": 44, "percent_covered": 59.09090909090909, "percent_covered_display": "59", "missing_lines": 18, "excluded_lines": 0, "percent_statements_covered": 59.09090909090909, "percent_statements_covered_display": "59"}, "missing_lines": [67, 71, 84, 85, 90, 91, 94, 95, 98, 99, 101, 102, 105, 106, 108, 112, 116, 117], "excluded_lines": [], "functions": {"Community.__repr__": {"executed_lines": [], "summary": {"covered_lines": 0, "num_statements": 1, "percent_covered": 0.0, "percent_covered_display": "0", "missing_lines": 1, "excluded_lines": 0, "percent_statements_covered": 0.0, "percent_statements_covered_display": "0"}, "missing_lines": [67], "excluded_lines": [], "start_line": 66}, "Community.is_full": {"executed_lines": [], "summary": {"covered_lines": 0, "num_statements": 1, "percent_covered": 0.0, "percent_covered_display": "0", "missing_lines": 1, "excluded_lines": 0, "percent_statements_covered": 0.0, "percent_statements_covered_display": "0"}, "missing_lines": [71], "excluded_lines": [], "start_line": 69}, "Community.can_user_join": {"executed_lines": [], "summary": {"covered_lines": 0, "num_statements": 13, "percent_covered": 0.0, "percent_covered_display": "0", "missing_lines": 13, "excluded_lines": 0, "percent_statements_covered": 0.0, "percent_statements_covered_display": "0"}, "missing_lines": [84, 85, 90, 91, 94, 95, 98, 99, 101, 102, 105, 106, 108], "excluded_lines": [], "start_line": 73}, "Community.increment_member_count": {"executed_lines": [], "summary": {"covered_lines": 0, "num_statements": 1, "percent_covered": 0.0, "percent_covered_display": "0", "missing_lines": 1, "excluded_lines": 0, "percent_statements_covered": 0.0, "percent_statements_covered_display": "0"}, "missing_lines": [112], "excluded_lines": [], "start_line": 110}, "Community.decrement_member_count": {"executed_lines": [], "summary": {"covered_lines": 0, "num_statements": 2, "percent_covered": 0.0, "percent_covered_display": "0", "missing_lines": 2, "excluded_lines": 0, "percent_statements_covered": 0.0, "percent_statements_covered_display": "0"}, "missing_lines": [116, 117], "excluded_lines": [], "start_line": 114}, "": {"executed_lines": [1, 2, 5, 6, 8, 11, 17, 18, 19, 22, 31, 32, 35, 41, 44, 45, 49, 51, 56, 63, 64, 66, 69, 73, 110, 114], "summary": {"covered_lines": 26, "num_statements": 26, "percent_covered": 100.0, "percent_covered_display": "100", "missing_lines": 0, "excluded_lines": 0, "percent_statements_covered": 100.0, "percent_statements_covered_display": "100"}, "missing_lines": [], "excluded_lines": [], "start_line": 1}}, "classes": {"Community": {"executed_lines": [], "summary": {"covered_lines": 0, "num_statements": 18, "percent_covered": 0.0, "percent_covered_display": "0", "missing_lines": 18, "excluded_lines": 0, "percent_statements_covered": 0.0, "percent_statements_covered_display": "0"}, "missing_lines": [67, 71, 84, 85, 90, 91, 94, 95, 98, 99, 101, 102, 105, 106, 108, 112, 116, 117], "excluded_lines": [], "start_line": 5}, "": {"executed_lines": [1, 2, 5, 6, 8, 11, 17, 18, 19, 22, 31, 32, 35, 41, 44, 45, 49, 51, 56, 63, 64, 66, 69, 73, 110, 114], "summary": {"covered_lines": 26, "num_statements": 26, "percent_covered": 100.0, "percent_covered_display": "100", "missing_lines": 0, "excluded_lines": 0, "percent_statements_covered": 100.0, "percent_statements_covered_display": "100"}, "missing_lines": [], "excluded_lines": [], "start_line": 1}}}, "app\\models\\community_file.py": {"executed_lines": [1, 2, 5, 9, 11, 13, 19, 26, 27, 28, 29, 30, 33, 36, 39, 41, 43, 46, 47, 49, 52, 56], "summary": {"covered_lines": 22, "num_statements": 30, "percent_covered": 73.33333333333333, "percent_covered_display": "73", "missing_lines": 8, "excluded_lines": 0, "percent_statements_covered": 73.33333333333333, "percent_statements_covered_display": "73"}, "missing_lines": [50, 54, 58, 59, 60, 61, 62, 63], "excluded_lines": [], "functions": {"CommunityFile.__repr__": {"executed_lines": [], "summary": {"covered_lines": 0, "num_statements": 1, "percent_covered": 0.0, "percent_covered_display": "0", "missing_lines": 1, "excluded_lines": 0, "percent_statements_covered": 0.0, "percent_statements_covered_display": "0"}, "missing_lines": [50], "excluded_lines": [], "start_line": 49}, "CommunityFile.increment_download": {"executed_lines": [], "summary": {"covered_lines": 0, "num_statements": 1, "percent_covered": 0.0, "percent_covered_display": "0", "missing_lines": 1, "excluded_lines": 0, "percent_statements_covered": 0.0, "percent_statements_covered_display": "0"}, "missing_lines": [54], "excluded_lines": [], "start_line": 52}, "CommunityFile.get_file_size_human": {"executed_lines": [], "summary": {"covered_lines": 0, "num_statements": 6, "percent_covered": 0.0, "percent_covered_display": "0", "missing_lines": 6, "excluded_lines": 0, "percent_statements_covered": 0.0, "percent_statements_covered_display": "0"}, "missing_lines": [58, 59, 60, 61, 62, 63], "excluded_lines": [], "start_line": 56}, "": {"executed_lines": [1, 2, 5, 9, 11, 13, 19, 26, 27, 28, 29, 30, 33, 36, 39, 41, 43, 46, 47, 49, 52, 56], "summary": {"covered_lines": 22, "num_statements": 22, "percent_covered": 100.0, "percent_covered_display": "100", "missing_lines": 0, "excluded_lines": 0, "percent_statements_covered": 100.0, "percent_statements_covered_display": "100"}, "missing_lines": [], "excluded_lines": [], "start_line": 1}}, "classes": {"CommunityFile": {"executed_lines": [], "summary": {"covered_lines": 0, "num_statements": 8, "percent_covered": 0.0, "percent_covered_display": "0", "missing_lines": 8, "excluded_lines": 0, "percent_statements_covered": 0.0, "percent_statements_covered_display": "0"}, "missing_lines": [50, 54, 58, 59, 60, 61, 62, 63], "excluded_lines": [], "start_line": 5}, "": {"executed_lines": [1, 2, 5, 9, 11, 13, 19, 26, 27, 28, 29, 30, 33, 36, 39, 41, 43, 46, 47, 49, 52, 56], "summary": {"covered_lines": 22, "num_statements": 22, "percent_covered": 100.0, "percent_covered_display": "100", "missing_lines": 0, "excluded_lines": 0, "percent_statements_covered": 100.0, "percent_statements_covered_display": "100"}, "missing_lines": [], "excluded_lines": [], "start_line": 1}}}, "app\\models\\community_member.py": {"executed_lines": [1, 2, 4, 5, 7, 9, 15, 21, 27, 28], "summary": {"covered_lines": 10, "num_statements": 10, "percent_covered": 100.0, "percent_covered_display": "100", "missing_lines": 0, "excluded_lines": 0, "percent_statements_covered": 100.0, "percent_statements_covered_display": "100"}, "missing_lines": [], "excluded_lines": [], "functions": {"": {"executed_lines": [1, 2, 4, 5, 7, 9, 15, 21, 27, 28], "summary": {"covered_lines": 10, "num_statements": 10, "percent_covered": 100.0, "percent_covered_display": "100", "missing_lines": 0, "excluded_lines": 0, "percent_statements_covered": 100.0, "percent_statements_covered_display": "100"}, "missing_lines": [], "excluded_lines": [], "start_line": 1}}, "classes": {"CommunityMember": {"executed_lines": [], "summary": {"covered_lines": 0, "num_statements": 0, "percent_covered": 100.0, "percent_covered_display": "100", "missing_lines": 0, "excluded_lines": 0, "percent_statements_covered": 100.0, "percent_statements_covered_display": "100"}, "missing_lines": [], "excluded_lines": [], "start_line": 4}, "": {"executed_lines": [1, 2, 4, 5, 7, 9, 15, 21, 27, 28], "summary": {"covered_lines": 10, "num_statements": 10, "percent_covered": 100.0, "percent_covered_display": "100", "missing_lines": 0, "excluded_lines": 0, "percent_statements_covered": 100.0, "percent_statements_covered_display": "100"}, "missing_lines": [], "excluded_lines": [], "start_line": 1}}}, "app\\models\\community_message.py": {"executed_lines": [1, 2, 5, 10, 12, 14, 20, 27, 30, 33, 39, 40, 41, 44, 45, 49, 52, 57, 58, 61, 62, 63, 65, 68, 72, 76, 81, 85, 89, 104, 105], "summary": {"covered_lines": 31, "num_statements": 47, "percent_covered": 65.95744680851064, "percent_covered_display": "66", "missing_lines": 16, "excluded_lines": 0, "percent_statements_covered": 65.95744680851064, "percent_statements_covered_display": "66"}, "missing_lines": [66, 70, 74, 78, 79, 83, 87, 96, 97, 100, 101, 102, 117, 125, 126, 128], "excluded_lines": [], "functions": {"CommunityMessage.__repr__": {"executed_lines": [], "summary": {"covered_lines": 0, "num_statements": 1, "percent_covered": 0.0, "percent_covered_display": "0", "missing_lines": 1, "excluded_lines": 0, "percent_statements_covered": 0.0, "percent_statements_covered_display": "0"}, "missing_lines": [66], "excluded_lines": [], "start_line": 65}, "CommunityMessage.is_announcement": {"executed_lines": [], "summary": {"covered_lines": 0, "num_statements": 1, "percent_covered": 0.0, "percent_covered_display": "0", "missing_lines": 1, "excluded_lines": 0, "percent_statements_covered": 0.0, "percent_statements_covered_display": "0"}, "missing_lines": [70], "excluded_lines": [], "start_line": 68}, "CommunityMessage.is_task_message": {"executed_lines": [], "summary": {"covered_lines": 0, "num_statements": 1, "percent_covered": 0.0, "percent_covered_display": "0", "missing_lines": 1, "excluded_lines": 0, "percent_statements_covered": 0.0, "percent_statements_covered_display": "0"}, "missing_lines": [74], "excluded_lines": [], "start_line": 72}, "CommunityMessage.soft_delete": {"executed_lines": [], "summary": {"covered_lines": 0, "num_statements": 2, "percent_covered": 0.0, "percent_covered_display": "0", "missing_lines": 2, "excluded_lines": 0, "percent_statements_covered": 0.0, "percent_statements_covered_display": "0"}, "missing_lines": [78, 79], "excluded_lines": [], "start_line": 76}, "CommunityMessage.pin": {"executed_lines": [], "summary": {"covered_lines": 0, "num_statements": 1, "percent_covered": 0.0, "percent_covered_display": "0", "missing_lines": 1, "excluded_lines": 0, "percent_statements_covered": 0.0, "percent_statements_covered_display": "0"}, "missing_lines": [83], "excluded_lines": [], "start_line": 81}, "CommunityMessage.unpin": {"executed_lines": [], "summary": {"covered_lines": 0, "num_statements": 1, "percent_covered": 0.0, "percent_covered_display": "0", "missing_lines": 1, "excluded_lines": 0, "percent_statements_covered": 0.0, "percent_statements_covered_display": "0"}, "missing_lines": [87], "excluded_lines": [], "start_line": 85}, "CommunityMessage.edit": {"executed_lines": [], "summary": {"covered_lines": 0, "num_statements": 5, "percent_covered": 0.0, "percent_covered_display": "0", "missing_lines": 5, "excluded_lines": 0, "percent_statements_covered": 0.0, "percent_statements_covered_display": "0"}, "missing_lines": [96, 97, 100, 101, 102], "excluded_lines": [], "start_line": 89}, "CommunityMessage.create_task_announcement": {"executed_lines": [], "summary": {"covered_lines": 0, "num_statements": 4, "percent_covered": 0.0, "percent_covered_display": "0", "missing_lines": 4, "excluded_lines": 0, "percent_statements_covered": 0.0, "percent_statements_covered_display": "0"}, "missing_lines": [117, 125, 126, 128], "excluded_lines": [], "start_line": 105}, "": {"executed_lines": [1, 2, 5, 10, 12, 14, 20, 27, 30, 33, 39, 40, 41, 44, 45, 49, 52, 57, 58, 61, 62, 63, 65, 68, 72, 76, 81, 85, 89, 104, 105], "summary": {"covered_lines": 31, "num_statements": 31, "percent_covered": 100.0, "percent_covered_display": "100", "missing_lines": 0, "excluded_lines": 0, "percent_statements_covered": 100.0, "percent_statements_covered_display": "100"}, "missing_lines": [], "excluded_lines": [], "start_line": 1}}, "classes": {"CommunityMessage": {"executed_lines": [], "summary": {"covered_lines": 0, "num_statements": 16, "percent_covered": 0.0, "percent_covered_display": "0", "missing_lines": 16, "excluded_lines": 0, "percent_statements_covered": 0.0, "percent_statements_covered_display": "0"}, "missing_lines": [66, 70, 74, 78, 79, 83, 87, 96, 97, 100, 101, 102, 117, 125, 126, 128], "excluded_lines": [], "start_line": 5}, "": {"executed_lines": [1, 2, 5, 10, 12, 14, 20, 27, 30, 33, 39, 40, 41, 44, 45, 49, 52, 57, 58, 61, 62, 63, 65, 68, 72, 76, 81, 85, 89, 104, 105], "summary": {"covered_lines": 31, "num_statements": 31, "percent_covered": 100.0, "percent_covered_display": "100", "missing_lines": 0, "excluded_lines": 0, "percent_statements_covered": 100.0, "percent_statements_covered_display": "100"}, "missing_lines": [], "excluded_lines": [], "start_line": 1}}}, "app\\models\\community_moderator.py": {"executed_lines": [1, 2, 5, 10, 12, 14, 20, 27, 35, 37, 42, 45, 46, 47, 50, 54, 57, 58, 71], "summary": {"covered_lines": 19, "num_statements": 26, "percent_covered": 73.07692307692308, "percent_covered_display": "73", "missing_lines": 7, "excluded_lines": 0, "percent_statements_covered": 73.07692307692308, "percent_statements_covered_display": "73"}, "missing_lines": [55, 60, 81, 82, 84, 85, 87], "excluded_lines": [], "functions": {"CommunityModerator.__repr__": {"executed_lines": [], "summary": {"covered_lines": 0, "num_statements": 1, "percent_covered": 0.0, "percent_covered_display": "0", "missing_lines": 1, "excluded_lines": 0, "percent_statements_covered": 0.0, "percent_statements_covered_display": "0"}, "missing_lines": [55], "excluded_lines": [], "start_line": 54}, "CommunityModerator.get_default_permissions": {"executed_lines": [], "summary": {"covered_lines": 0, "num_statements": 1, "percent_covered": 0.0, "percent_covered_display": "0", "missing_lines": 1, "excluded_lines": 0, "percent_statements_covered": 0.0, "percent_statements_covered_display": "0"}, "missing_lines": [60], "excluded_lines": [], "start_line": 58}, "CommunityModerator.has_permission": {"executed_lines": [], "summary": {"covered_lines": 0, "num_statements": 5, "percent_covered": 0.0, "percent_covered_display": "0", "missing_lines": 5, "excluded_lines": 0, "percent_statements_covered": 0.0, "percent_statements_covered_display": "0"}, "missing_lines": [81, 82, 84, 85, 87], "excluded_lines": [], "start_line": 71}, "": {"executed_lines": [1, 2, 5, 10, 12, 14, 20, 27, 35, 37, 42, 45, 46, 47, 50, 54, 57, 58, 71], "summary": {"covered_lines": 19, "num_statements": 19, "percent_covered": 100.0, "percent_covered_display": "100", "missing_lines": 0, "excluded_lines": 0, "percent_statements_covered": 100.0, "percent_statements_covered_display": "100"}, "missing_lines": [], "excluded_lines": [], "start_line": 1}}, "classes": {"CommunityModerator": {"executed_lines": [], "summary": {"covered_lines": 0, "num_statements": 7, "percent_covered": 0.0, "percent_covered_display": "0", "missing_lines": 7, "excluded_lines": 0, "percent_statements_covered": 0.0, "percent_statements_covered_display": "0"}, "missing_lines": [55, 60, 81, 82, 84, 85, 87], "excluded_lines": [], "start_line": 5}, "": {"executed_lines": [1, 2, 5, 10, 12, 14, 20, 27, 35, 37, 42, 45, 46, 47, 50, 54, 57, 58, 71], "summary": {"covered_lines": 19, "num_statements": 19, "percent_covered": 100.0, "percent_covered_display": "100", "missing_lines": 0, "excluded_lines": 0, "percent_statements_covered": 100.0, "percent_statements_covered_display": "100"}, "missing_lines": [], "excluded_lines": [], "start_line": 1}}}, "app\\models\\community_poll.py": {"executed_lines": [1, 2, 5, 9, 11, 13, 19, 25, 29, 32, 35, 38, 40, 42, 45, 46, 48, 52, 56, 58, 60, 66, 73, 75, 78, 79, 82], "summary": {"covered_lines": 27, "num_statements": 28, "percent_covered": 96.42857142857143, "percent_covered_display": "96", "missing_lines": 1, "excluded_lines": 0, "percent_statements_covered": 96.42857142857143, "percent_statements_covered_display": "96"}, "missing_lines": [49], "excluded_lines": [], "functions": {"CommunityPoll.__repr__": {"executed_lines": [], "summary": {"covered_lines": 0, "num_statements": 1, "percent_covered": 0.0, "percent_covered_display": "0", "missing_lines": 1, "excluded_lines": 0, "percent_statements_covered": 0.0, "percent_statements_covered_display": "0"}, "missing_lines": [49], "excluded_lines": [], "start_line": 48}, "": {"executed_lines": [1, 2, 5, 9, 11, 13, 19, 25, 29, 32, 35, 38, 40, 42, 45, 46, 48, 52, 56, 58, 60, 66, 73, 75, 78, 79, 82], "summary": {"covered_lines": 27, "num_statements": 27, "percent_covered": 100.0, "percent_covered_display": "100", "missing_lines": 0, "excluded_lines": 0, "percent_statements_covered": 100.0, "percent_statements_covered_display": "100"}, "missing_lines": [], "excluded_lines": [], "start_line": 1}}, "classes": {"CommunityPoll": {"executed_lines": [], "summary": {"covered_lines": 0, "num_statements": 1, "percent_covered": 0.0, "percent_covered_display": "0", "missing_lines": 1, "excluded_lines": 0, "percent_statements_covered": 0.0, "percent_statements_covered_display": "0"}, "missing_lines": [49], "excluded_lines": [], "start_line": 5}, "PollVote": {"executed_lines": [], "summary": {"covered_lines": 0, "num_statements": 0, "percent_covered": 100.0, "percent_covered_display": "100", "missing_lines": 0, "excluded_lines": 0, "percent_statements_covered": 100.0, "percent_statements_covered_display": "100"}, "missing_lines": [], "excluded_lines": [], "start_line": 52}, "": {"executed_lines": [1, 2, 5, 9, 11, 13, 19, 25, 29, 32, 35, 38, 40, 42, 45, 46, 48, 52, 56, 58, 60, 66, 73, 75, 78, 79, 82], "summary": {"covered_lines": 27, "num_statements": 27, "percent_covered": 100.0, "percent_covered_display": "100", "missing_lines": 0, "excluded_lines": 0, "percent_statements_covered": 100.0, "percent_statements_covered_display": "100"}, "missing_lines": [], "excluded_lines": [], "start_line": 1}}}, "app\\models\\community_task.py": {"executed_lines": [1, 2, 5, 10, 12, 14, 20, 27, 28, 31, 35, 38, 47, 50, 52, 53, 60, 61, 63, 66, 72, 90, 110], "summary": {"covered_lines": 23, "num_statements": 48, "percent_covered": 47.916666666666664, "percent_covered_display": "48", "missing_lines": 25, "excluded_lines": 0, "percent_statements_covered": 47.916666666666664, "percent_statements_covered_display": "48"}, "missing_lines": [64, 68, 69, 70, 82, 83, 85, 86, 87, 88, 100, 101, 103, 104, 105, 106, 108, 117, 119, 121, 122, 128, 129, 130, 132], "excluded_lines": [], "functions": {"CommunityTask.__repr__": {"executed_lines": [], "summary": {"covered_lines": 0, "num_statements": 1, "percent_covered": 0.0, "percent_covered_display": "0", "missing_lines": 1, "excluded_lines": 0, "percent_statements_covered": 0.0, "percent_statements_covered_display": "0"}, "missing_lines": [64], "excluded_lines": [], "start_line": 63}, "CommunityTask.get_total_actions": {"executed_lines": [], "summary": {"covered_lines": 0, "num_statements": 3, "percent_covered": 0.0, "percent_covered_display": "0", "missing_lines": 3, "excluded_lines": 0, "percent_statements_covered": 0.0, "percent_statements_covered_display": "0"}, "missing_lines": [68, 69, 70], "excluded_lines": [], "start_line": 66}, "CommunityTask.get_action_by_id": {"executed_lines": [], "summary": {"covered_lines": 0, "num_statements": 6, "percent_covered": 0.0, "percent_covered_display": "0", "missing_lines": 6, "excluded_lines": 0, "percent_statements_covered": 0.0, "percent_statements_covered_display": "0"}, "missing_lines": [82, 83, 85, 86, 87, 88], "excluded_lines": [], "start_line": 72}, "CommunityTask.calculate_xp_for_actions": {"executed_lines": [], "summary": {"covered_lines": 0, "num_statements": 7, "percent_covered": 0.0, "percent_covered_display": "0", "missing_lines": 7, "excluded_lines": 0, "percent_statements_covered": 0.0, "percent_statements_covered_display": "0"}, "missing_lines": [100, 101, 103, 104, 105, 106, 108], "excluded_lines": [], "start_line": 90}, "CommunityTask.get_completion_stats": {"executed_lines": [], "summary": {"covered_lines": 0, "num_statements": 8, "percent_covered": 0.0, "percent_covered_display": "0", "missing_lines": 8, "excluded_lines": 0, "percent_statements_covered": 0.0, "percent_statements_covered_display": "0"}, "missing_lines": [117, 119, 121, 122, 128, 129, 130, 132], "excluded_lines": [], "start_line": 110}, "": {"executed_lines": [1, 2, 5, 10, 12, 14, 20, 27, 28, 31, 35, 38, 47, 50, 52, 53, 60, 61, 63, 66, 72, 90, 110], "summary": {"covered_lines": 23, "num_statements": 23, "percent_covered": 100.0, "percent_covered_display": "100", "missing_lines": 0, "excluded_lines": 0, "percent_statements_covered": 100.0, "percent_statements_covered_display": "100"}, "missing_lines": [], "excluded_lines": [], "start_line": 1}}, "classes": {"CommunityTask": {"executed_lines": [], "summary": {"covered_lines": 0, "num_statements": 25, "percent_covered": 0.0, "percent_covered_display": "0", "missing_lines": 25, "excluded_lines": 0, "percent_statements_covered": 0.0, "percent_statements_covered_display": "0"}, "missing_lines": [64, 68, 69, 70, 82, 83, 85, 86, 87, 88, 100, 101, 103, 104, 105, 106, 108, 117, 119, 121, 122, 128, 129, 130, 132], "excluded_lines": [], "start_line": 5}, "": {"executed_lines": [1, 2, 5, 10, 12, 14, 20, 27, 28, 31, 35, 38, 47, 50, 52, 53, 60, 61, 63, 66, 72, 90, 110], "summary": {"covered_lines": 23, "num_statements": 23, "percent_covered": 100.0, "percent_covered_display": "100", "missing_lines": 0, "excluded_lines": 0, "percent_statements_covered": 100.0, "percent_statements_covered_display": "100"}, "missing_lines": [], "excluded_lines": [], "start_line": 1}}}, "app\\models\\event_models.py": {"executed_lines": [1, 2, 5, 12, 14, 17, 18, 19, 22, 29, 32, 35, 36, 45, 48, 49, 52, 55, 56, 57, 60, 61, 62, 63, 66, 69, 71, 72, 75, 76, 77, 79, 82, 138, 142, 144, 146, 152, 158, 160, 162, 163, 166, 167, 170, 175, 179, 181, 183, 189, 190, 191, 192, 195, 197, 199, 202], "summary": {"covered_lines": 57, "num_statements": 83, "percent_covered": 68.67469879518072, "percent_covered_display": "69", "missing_lines": 26, "excluded_lines": 0, "percent_statements_covered": 68.67469879518072, "percent_statements_covered_display": "69"}, "missing_lines": [80, 93, 94, 97, 98, 101, 102, 105, 106, 109, 111, 112, 113, 116, 117, 118, 121, 122, 123, 124, 125, 126, 127, 132, 133, 135], "excluded_lines": [], "functions": {"Event.__repr__": {"executed_lines": [], "summary": {"covered_lines": 0, "num_statements": 1, "percent_covered": 0.0, "percent_covered_display": "0", "missing_lines": 1, "excluded_lines": 0, "percent_statements_covered": 0.0, "percent_statements_covered_display": "0"}, "missing_lines": [80], "excluded_lines": [], "start_line": 79}, "Event.can_user_participate": {"executed_lines": [], "summary": {"covered_lines": 0, "num_statements": 25, "percent_covered": 0.0, "percent_covered_display": "0", "missing_lines": 25, "excluded_lines": 0, "percent_statements_covered": 0.0, "percent_statements_covered_display": "0"}, "missing_lines": [93, 94, 97, 98, 101, 102, 105, 106, 109, 111, 112, 113, 116, 117, 118, 121, 122, 123, 124, 125, 126, 127, 132, 133, 135], "excluded_lines": [], "start_line": 82}, "": {"executed_lines": [1, 2, 5, 12, 14, 17, 18, 19, 22, 29, 32, 35, 36, 45, 48, 49, 52, 55, 56, 57, 60, 61, 62, 63, 66, 69, 71, 72, 75, 76, 77, 79, 82, 138, 142, 144, 146, 152, 158, 160, 162, 163, 166, 167, 170, 175, 179, 181, 183, 189, 190, 191, 192, 195, 197, 199, 202], "summary": {"covered_lines": 57, "num_statements": 57, "percent_covered": 100.0, "percent_covered_display": "100", "missing_lines": 0, "excluded_lines": 0, "percent_statements_covered": 100.0, "percent_statements_covered_display": "100"}, "missing_lines": [], "excluded_lines": [], "start_line": 1}}, "classes": {"Event": {"executed_lines": [], "summary": {"covered_lines": 0, "num_statements": 26, "percent_covered": 0.0, "percent_covered_display": "0", "missing_lines": 26, "excluded_lines": 0, "percent_statements_covered": 0.0, "percent_statements_covered_display": "0"}, "missing_lines": [80, 93, 94, 97, 98, 101, 102, 105, 106, 109, 111, 112, 113, 116, 117, 118, 121, 122, 123, 124, 125, 126, 127, 132, 133, 135], "excluded_lines": [], "start_line": 5}, "EventParticipant": {"executed_lines": [], "summary": {"covered_lines": 0, "num_statements": 0, "percent_covered": 100.0, "percent_covered_display": "100", "missing_lines": 0, "excluded_lines": 0, "percent_statements_covered": 100.0, "percent_statements_covered_display": "100"}, "missing_lines": [], "excluded_lines": [], "start_line": 138}, "EventTask": {"executed_lines": [], "summary": {"covered_lines": 0, "num_statements": 0, "percent_covered": 100.0, "percent_covered_display": "100", "missing_lines": 0, "excluded_lines": 0, "percent_statements_covered": 100.0, "percent_statements_covered_display": "100"}, "missing_lines": [], "excluded_lines": [], "start_line": 175}, "": {"executed_lines": [1, 2, 5, 12, 14, 17, 18, 19, 22, 29, 32, 35, 36, 45, 48, 49, 52, 55, 56, 57, 60, 61, 62, 63, 66, 69, 71, 72, 75, 76, 77, 79, 82, 138, 142, 144, 146, 152, 158, 160, 162, 163, 166, 167, 170, 175, 179, 181, 183, 189, 190, 191, 192, 195, 197, 199, 202], "summary": {"covered_lines": 57, "num_statements": 57, "percent_covered": 100.0, "percent_covered_display": "100", "missing_lines": 0, "excluded_lines": 0, "percent_statements_covered": 100.0, "percent_statements_covered_display": "100"}, "missing_lines": [], "excluded_lines": [], "start_line": 1}}}, "app\\models\\language.py": {"executed_lines": [1, 2, 5, 11, 13, 14, 15, 16, 21], "summary": {"covered_lines": 9, "num_statements": 10, "percent_covered": 90.0, "percent_covered_display": "90", "missing_lines": 1, "excluded_lines": 0, "percent_statements_covered": 90.0, "percent_statements_covered_display": "90"}, "missing_lines": [22], "excluded_lines": [], "functions": {"Language.__repr__": {"executed_lines": [], "summary": {"covered_lines": 0, "num_statements": 1, "percent_covered": 0.0, "percent_covered_display": "0", "missing_lines": 1, "excluded_lines": 0, "percent_statements_covered": 0.0, "percent_statements_covered_display": "0"}, "missing_lines": [22], "excluded_lines": [], "start_line": 21}, "": {"executed_lines": [1, 2, 5, 11, 13, 14, 15, 16, 21], "summary": {"covered_lines": 9, "num_statements": 9, "percent_covered": 100.0, "percent_covered_display": "100", "missing_lines": 0, "excluded_lines": 0, "percent_statements_covered": 100.0, "percent_statements_covered_display": "100"}, "missing_lines": [], "excluded_lines": [], "start_line": 1}}, "classes": {"Language": {"executed_lines": [], "summary": {"covered_lines": 0, "num_statements": 1, "percent_covered": 0.0, "percent_covered_display": "0", "missing_lines": 1, "excluded_lines": 0, "percent_statements_covered": 0.0, "percent_statements_covered_display": "0"}, "missing_lines": [22], "excluded_lines": [], "start_line": 5}, "": {"executed_lines": [1, 2, 5, 11, 13, 14, 15, 16, 21], "summary": {"covered_lines": 9, "num_statements": 9, "percent_covered": 100.0, "percent_covered_display": "100", "missing_lines": 0, "excluded_lines": 0, "percent_statements_covered": 100.0, "percent_statements_covered_display": "100"}, "missing_lines": [], "excluded_lines": [], "start_line": 1}}}, "app\\models\\project.py": {"executed_lines": [5, 6, 7, 8, 11, 13, 14, 15, 16, 17, 20, 22, 23, 24, 27, 29, 30, 33, 34, 37, 40, 41, 44, 47, 52, 57, 65, 68, 73, 76, 77, 80, 83, 91, 98, 104], "summary": {"covered_lines": 36, "num_statements": 37, "percent_covered": 97.29729729729729, "percent_covered_display": "97", "missing_lines": 1, "excluded_lines": 0, "percent_statements_covered": 97.29729729729729, "percent_statements_covered_display": "97"}, "missing_lines": [105], "excluded_lines": [], "functions": {"Project.__repr__": {"executed_lines": [], "summary": {"covered_lines": 0, "num_statements": 1, "percent_covered": 0.0, "percent_covered_display": "0", "missing_lines": 1, "excluded_lines": 0, "percent_statements_covered": 0.0, "percent_statements_covered_display": "0"}, "missing_lines": [105], "excluded_lines": [], "start_line": 104}, "": {"executed_lines": [5, 6, 7, 8, 11, 13, 14, 15, 16, 17, 20, 22, 23, 24, 27, 29, 30, 33, 34, 37, 40, 41, 44, 47, 52, 57, 65, 68, 73, 76, 77, 80, 83, 91, 98, 104], "summary": {"covered_lines": 36, "num_statements": 36, "percent_covered": 100.0, "percent_covered_display": "100", "missing_lines": 0, "excluded_lines": 0, "percent_statements_covered": 100.0, "percent_statements_covered_display": "100"}, "missing_lines": [], "excluded_lines": [], "start_line": 1}}, "classes": {"ProjectStatus": {"executed_lines": [], "summary": {"covered_lines": 0, "num_statements": 0, "percent_covered": 100.0, "percent_covered_display": "100", "missing_lines": 0, "excluded_lines": 0, "percent_statements_covered": 100.0, "percent_statements_covered_display": "100"}, "missing_lines": [], "excluded_lines": [], "start_line": 11}, "MembershipPolicy": {"executed_lines": [], "summary": {"covered_lines": 0, "num_statements": 0, "percent_covered": 100.0, "percent_covered_display": "100", "missing_lines": 0, "excluded_lines": 0, "percent_statements_covered": 100.0, "percent_statements_covered_display": "100"}, "missing_lines": [], "excluded_lines": [], "start_line": 20}, "ProjectVisibility": {"executed_lines": [], "summary": {"covered_lines": 0, "num_statements": 0, "percent_covered": 100.0, "percent_covered_display": "100", "missing_lines": 0, "excluded_lines": 0, "percent_statements_covered": 100.0, "percent_statements_covered_display": "100"}, "missing_lines": [], "excluded_lines": [], "start_line": 27}, "Project": {"executed_lines": [], "summary": {"covered_lines": 0, "num_statements": 1, "percent_covered": 0.0, "percent_covered_display": "0", "missing_lines": 1, "excluded_lines": 0, "percent_statements_covered": 0.0, "percent_statements_covered_display": "0"}, "missing_lines": [105], "excluded_lines": [], "start_line": 33}, "": {"executed_lines": [5, 6, 7, 8, 11, 13, 14, 15, 16, 17, 20, 22, 23, 24, 27, 29, 30, 33, 34, 37, 40, 41, 44, 47, 52, 57, 65, 68, 73, 76, 77, 80, 83, 91, 98, 104], "summary": {"covered_lines": 36, "num_statements": 36, "percent_covered": 100.0, "percent_covered_display": "100", "missing_lines": 0, "excluded_lines": 0, "percent_statements_covered": 100.0, "percent_statements_covered_display": "100"}, "missing_lines": [], "excluded_lines": [], "start_line": 1}}}, "app\\models\\project_language.py": {"executed_lines": [5, 6, 9, 10, 13, 16, 17, 20, 23, 28, 29, 31], "summary": {"covered_lines": 12, "num_statements": 13, "percent_covered": 92.3076923076923, "percent_covered_display": "92", "missing_lines": 1, "excluded_lines": 0, "percent_statements_covered": 92.3076923076923, "percent_statements_covered_display": "92"}, "missing_lines": [32], "excluded_lines": [], "functions": {"ProjectLanguage.__repr__": {"executed_lines": [], "summary": {"covered_lines": 0, "num_statements": 1, "percent_covered": 0.0, "percent_covered_display": "0", "missing_lines": 1, "excluded_lines": 0, "percent_statements_covered": 0.0, "percent_statements_covered_display": "0"}, "missing_lines": [32], "excluded_lines": [], "start_line": 31}, "": {"executed_lines": [5, 6, 9, 10, 13, 16, 17, 20, 23, 28, 29, 31], "summary": {"covered_lines": 12, "num_statements": 12, "percent_covered": 100.0, "percent_covered_display": "100", "missing_lines": 0, "excluded_lines": 0, "percent_statements_covered": 100.0, "percent_statements_covered_display": "100"}, "missing_lines": [], "excluded_lines": [], "start_line": 1}}, "classes": {"ProjectLanguage": {"executed_lines": [], "summary": {"covered_lines": 0, "num_statements": 1, "percent_covered": 0.0, "percent_covered_display": "0", "missing_lines": 1, "excluded_lines": 0, "percent_statements_covered": 0.0, "percent_statements_covered_display": "0"}, "missing_lines": [32], "excluded_lines": [], "start_line": 9}, "": {"executed_lines": [5, 6, 9, 10, 13, 16, 17, 20, 23, 28, 29, 31], "summary": {"covered_lines": 12, "num_statements": 12, "percent_covered": 100.0, "percent_covered_display": "100", "missing_lines": 0, "excluded_lines": 0, "percent_statements_covered": 100.0, "percent_statements_covered_display": "100"}, "missing_lines": [], "excluded_lines": [], "start_line": 1}}}, "app\\models\\project_member.py": {"executed_lines": [5, 6, 7, 10, 12, 13, 14, 15, 18, 19, 22, 25, 26, 29, 36, 39, 42, 47, 48, 49, 51], "summary": {"covered_lines": 21, "num_statements": 22, "percent_covered": 95.45454545454545, "percent_covered_display": "95", "missing_lines": 1, "excluded_lines": 0, "percent_statements_covered": 95.45454545454545, "percent_statements_covered_display": "95"}, "missing_lines": [52], "excluded_lines": [], "functions": {"ProjectMember.__repr__": {"executed_lines": [], "summary": {"covered_lines": 0, "num_statements": 1, "percent_covered": 0.0, "percent_covered_display": "0", "missing_lines": 1, "excluded_lines": 0, "percent_statements_covered": 0.0, "percent_statements_covered_display": "0"}, "missing_lines": [52], "excluded_lines": [], "start_line": 51}, "": {"executed_lines": [5, 6, 7, 10, 12, 13, 14, 15, 18, 19, 22, 25, 26, 29, 36, 39, 42, 47, 48, 49, 51], "summary": {"covered_lines": 21, "num_statements": 21, "percent_covered": 100.0, "percent_covered_display": "100", "missing_lines": 0, "excluded_lines": 0, "percent_statements_covered": 100.0, "percent_statements_covered_display": "100"}, "missing_lines": [], "excluded_lines": [], "start_line": 1}}, "classes": {"ProjectMemberRole": {"executed_lines": [], "summary": {"covered_lines": 0, "num_statements": 0, "percent_covered": 100.0, "percent_covered_display": "100", "missing_lines": 0, "excluded_lines": 0, "percent_statements_covered": 100.0, "percent_statements_covered_display": "100"}, "missing_lines": [], "excluded_lines": [], "start_line": 10}, "ProjectMember": {"executed_lines": [], "summary": {"covered_lines": 0, "num_statements": 1, "percent_covered": 0.0, "percent_covered_display": "0", "missing_lines": 1, "excluded_lines": 0, "percent_statements_covered": 0.0, "percent_statements_covered_display": "0"}, "missing_lines": [52], "excluded_lines": [], "start_line": 18}, "": {"executed_lines": [5, 6, 7, 10, 12, 13, 14, 15, 18, 19, 22, 25, 26, 29, 36, 39, 42, 47, 48, 49, 51], "summary": {"covered_lines": 21, "num_statements": 21, "percent_covered": 100.0, "percent_covered_display": "100", "missing_lines": 0, "excluded_lines": 0, "percent_statements_covered": 100.0, "percent_statements_covered_display": "100"}, "missing_lines": [], "excluded_lines": [], "start_line": 1}}}, "app\\models\\scoring.py": {"executed_lines": [1, 2, 5, 20, 22, 25, 30, 35, 40, 47, 49, 54, 61, 63, 66, 86, 98], "summary": {"covered_lines": 17, "num_statements": 22, "percent_covered": 77.27272727272727, "percent_covered_display": "77", "missing_lines": 5, "excluded_lines": 0, "percent_statements_covered": 77.27272727272727, "percent_statements_covered_display": "77"}, "missing_lines": [64, 76, 81, 96, 108], "excluded_lines": [], "functions": {"UserScoring.__repr__": {"executed_lines": [], "summary": {"covered_lines": 0, "num_statements": 1, "percent_covered": 0.0, "percent_covered_display": "0", "missing_lines": 1, "excluded_lines": 0, "percent_statements_covered": 0.0, "percent_statements_covered_display": "0"}, "missing_lines": [64], "excluded_lines": [], "start_line": 63}, "UserScoring.get_top_interests": {"executed_lines": [], "summary": {"covered_lines": 0, "num_statements": 2, "percent_covered": 0.0, "percent_covered_display": "0", "missing_lines": 2, "excluded_lines": 0, "percent_statements_covered": 0.0, "percent_statements_covered_display": "0"}, "missing_lines": [76, 81], "excluded_lines": [], "start_line": 66}, "UserScoring.get_role_score": {"executed_lines": [], "summary": {"covered_lines": 0, "num_statements": 1, "percent_covered": 0.0, "percent_covered_display": "0", "missing_lines": 1, "excluded_lines": 0, "percent_statements_covered": 0.0, "percent_statements_covered_display": "0"}, "missing_lines": [96], "excluded_lines": [], "start_line": 86}, "UserScoring.is_dominant_role": {"executed_lines": [], "summary": {"covered_lines": 0, "num_statements": 1, "percent_covered": 0.0, "percent_covered_display": "0", "missing_lines": 1, "excluded_lines": 0, "percent_statements_covered": 0.0, "percent_statements_covered_display": "0"}, "missing_lines": [108], "excluded_lines": [], "start_line": 98}, "": {"executed_lines": [1, 2, 5, 20, 22, 25, 30, 35, 40, 47, 49, 54, 61, 63, 66, 86, 98], "summary": {"covered_lines": 17, "num_statements": 17, "percent_covered": 100.0, "percent_covered_display": "100", "missing_lines": 0, "excluded_lines": 0, "percent_statements_covered": 100.0, "percent_statements_covered_display": "100"}, "missing_lines": [], "excluded_lines": [], "start_line": 1}}, "classes": {"UserScoring": {"executed_lines": [], "summary": {"covered_lines": 0, "num_statements": 5, "percent_covered": 0.0, "percent_covered_display": "0", "missing_lines": 5, "excluded_lines": 0, "percent_statements_covered": 0.0, "percent_statements_covered_display": "0"}, "missing_lines": [64, 76, 81, 96, 108], "excluded_lines": [], "start_line": 5}, "": {"executed_lines": [1, 2, 5, 20, 22, 25, 30, 35, 40, 47, 49, 54, 61, 63, 66, 86, 98], "summary": {"covered_lines": 17, "num_statements": 17, "percent_covered": 100.0, "percent_covered_display": "100", "missing_lines": 0, "excluded_lines": 0, "percent_statements_covered": 100.0, "percent_statements_covered_display": "100"}, "missing_lines": [], "excluded_lines": [], "start_line": 1}}}, "app\\models\\scoring_history.py": {"executed_lines": [1, 2, 5, 16, 18, 19, 22, 27, 34, 35, 38, 50, 53, 56, 61, 64, 65, 80, 92, 93, 112, 115, 116, 117, 118, 119, 121, 125, 126, 127, 128, 129, 130, 131, 132, 135, 136, 143, 144, 150, 159], "summary": {"covered_lines": 41, "num_statements": 70, "percent_covered": 58.57142857142857, "percent_covered_display": "59", "missing_lines": 29, "excluded_lines": 0, "percent_statements_covered": 58.57142857142857, "percent_statements_covered_display": "59"}, "missing_lines": [62, 120, 122, 137, 145, 166, 169, 170, 171, 172, 173, 174, 175, 176, 177, 180, 181, 182, 183, 184, 185, 186, 187, 190, 192, 193, 194, 196, 198], "excluded_lines": [], "functions": {"ScoringHistory.__repr__": {"executed_lines": [], "summary": {"covered_lines": 0, "num_statements": 1, "percent_covered": 0.0, "percent_covered_display": "0", "missing_lines": 1, "excluded_lines": 0, "percent_statements_covered": 0.0, "percent_statements_covered_display": "0"}, "missing_lines": [62], "excluded_lines": [], "start_line": 61}, "ScoringHistory.create_from_initial_scoring": {"executed_lines": [80], "summary": {"covered_lines": 1, "num_statements": 1, "percent_covered": 100.0, "percent_covered_display": "100", "missing_lines": 0, "excluded_lines": 0, "percent_statements_covered": 100.0, "percent_statements_covered_display": "100"}, "missing_lines": [], "excluded_lines": [], "start_line": 65}, "ScoringHistory.create_from_score_update": {"executed_lines": [112, 115, 116, 117, 118, 119, 121, 125, 126, 127, 128, 129, 130, 131, 132, 135, 136, 143, 144, 150], "summary": {"covered_lines": 20, "num_statements": 24, "percent_covered": 83.33333333333333, "percent_covered_display": "83", "missing_lines": 4, "excluded_lines": 0, "percent_statements_covered": 83.33333333333333, "percent_statements_covered_display": "83"}, "missing_lines": [120, 122, 137, 145], "excluded_lines": [], "start_line": 93}, "ScoringHistory.get_summary": {"executed_lines": [], "summary": {"covered_lines": 0, "num_statements": 24, "percent_covered": 0.0, "percent_covered_display": "0", "missing_lines": 24, "excluded_lines": 0, "percent_statements_covered": 0.0, "percent_statements_covered_display": "0"}, "missing_lines": [166, 169, 170, 171, 172, 173, 174, 175, 176, 177, 180, 181, 182, 183, 184, 185, 186, 187, 190, 192, 193, 194, 196, 198], "excluded_lines": [], "start_line": 159}, "": {"executed_lines": [1, 2, 5, 16, 18, 19, 22, 27, 34, 35, 38, 50, 53, 56, 61, 64, 65, 92, 93, 159], "summary": {"covered_lines": 20, "num_statements": 20, "percent_covered": 100.0, "percent_covered_display": "100", "missing_lines": 0, "excluded_lines": 0, "percent_statements_covered": 100.0, "percent_statements_covered_display": "100"}, "missing_lines": [], "excluded_lines": [], "start_line": 1}}, "classes": {"ScoringHistory": {"executed_lines": [80, 112, 115, 116, 117, 118, 119, 121, 125, 126, 127, 128, 129, 130, 131, 132, 135, 136, 143, 144, 150], "summary": {"covered_lines": 21, "num_statements": 50, "percent_covered": 42.0, "percent_covered_display": "42", "missing_lines": 29, "excluded_lines": 0, "percent_statements_covered": 42.0, "percent_statements_covered_display": "42"}, "missing_lines": [62, 120, 122, 137, 145, 166, 169, 170, 171, 172, 173, 174, 175, 176, 177, 180, 181, 182, 183, 184, 185, 186, 187, 190, 192, 193, 194, 196, 198], "excluded_lines": [], "start_line": 5}, "": {"executed_lines": [1, 2, 5, 16, 18, 19, 22, 27, 34, 35, 38, 50, 53, 56, 61, 64, 65, 92, 93, 159], "summary": {"covered_lines": 20, "num_statements": 20, "percent_covered": 100.0, "percent_covered_display": "100", "missing_lines": 0, "excluded_lines": 0, "percent_statements_covered": 100.0, "percent_statements_covered_display": "100"}, "missing_lines": [], "excluded_lines": [], "start_line": 1}}}, "app\\models\\task_completion.py": {"executed_lines": [1, 2, 5, 10, 12, 14, 20, 27, 30, 33, 36, 37, 38, 41, 42, 45, 49, 52, 86, 114, 118], "summary": {"covered_lines": 21, "num_statements": 52, "percent_covered": 40.38461538461539, "percent_covered_display": "40", "missing_lines": 31, "excluded_lines": 0, "percent_statements_covered": 40.38461538461539, "percent_statements_covered_display": "40"}, "missing_lines": [50, 64, 65, 68, 69, 72, 73, 74, 77, 78, 81, 82, 84, 97, 98, 100, 101, 102, 105, 106, 109, 110, 112, 116, 125, 126, 128, 130, 131, 132, 134], "excluded_lines": [], "functions": {"TaskCompletion.__repr__": {"executed_lines": [], "summary": {"covered_lines": 0, "num_statements": 1, "percent_covered": 0.0, "percent_covered_display": "0", "missing_lines": 1, "excluded_lines": 0, "percent_statements_covered": 0.0, "percent_statements_covered_display": "0"}, "missing_lines": [50], "excluded_lines": [], "start_line": 49}, "TaskCompletion.mark_action_complete": {"executed_lines": [], "summary": {"covered_lines": 0, "num_statements": 12, "percent_covered": 0.0, "percent_covered_display": "0", "missing_lines": 12, "excluded_lines": 0, "percent_statements_covered": 0.0, "percent_statements_covered_display": "0"}, "missing_lines": [64, 65, 68, 69, 72, 73, 74, 77, 78, 81, 82, 84], "excluded_lines": [], "start_line": 52}, "TaskCompletion.unmark_action": {"executed_lines": [], "summary": {"covered_lines": 0, "num_statements": 10, "percent_covered": 0.0, "percent_covered_display": "0", "missing_lines": 10, "excluded_lines": 0, "percent_statements_covered": 0.0, "percent_statements_covered_display": "0"}, "missing_lines": [97, 98, 100, 101, 102, 105, 106, 109, 110, 112], "excluded_lines": [], "start_line": 86}, "TaskCompletion.is_action_completed": {"executed_lines": [], "summary": {"covered_lines": 0, "num_statements": 1, "percent_covered": 0.0, "percent_covered_display": "0", "missing_lines": 1, "excluded_lines": 0, "percent_statements_covered": 0.0, "percent_statements_covered_display": "0"}, "missing_lines": [116], "excluded_lines": [], "start_line": 114}, "TaskCompletion.get_next_incomplete_action": {"executed_lines": [], "summary": {"covered_lines": 0, "num_statements": 7, "percent_covered": 0.0, "percent_covered_display": "0", "missing_lines": 7, "excluded_lines": 0, "percent_statements_covered": 0.0, "percent_statements_covered_display": "0"}, "missing_lines": [125, 126, 128, 130, 131, 132, 134], "excluded_lines": [], "start_line": 118}, "": {"executed_lines": [1, 2, 5, 10, 12, 14, 20, 27, 30, 33, 36, 37, 38, 41, 42, 45, 49, 52, 86, 114, 118], "summary": {"covered_lines": 21, "num_statements": 21, "percent_covered": 100.0, "percent_covered_display": "100", "missing_lines": 0, "excluded_lines": 0, "percent_statements_covered": 100.0, "percent_statements_covered_display": "100"}, "missing_lines": [], "excluded_lines": [], "start_line": 1}}, "classes": {"TaskCompletion": {"executed_lines": [], "summary": {"covered_lines": 0, "num_statements": 31, "percent_covered": 0.0, "percent_covered_display": "0", "missing_lines": 31, "excluded_lines": 0, "percent_statements_covered": 0.0, "percent_statements_covered_display": "0"}, "missing_lines": [50, 64, 65, 68, 69, 72, 73, 74, 77, 78, 81, 82, 84, 97, 98, 100, 101, 102, 105, 106, 109, 110, 112, 116, 125, 126, 128, 130, 131, 132, 134], "excluded_lines": [], "start_line": 5}, "": {"executed_lines": [1, 2, 5, 10, 12, 14, 20, 27, 30, 33, 36, 37, 38, 41, 42, 45, 49, 52, 86, 114, 118], "summary": {"covered_lines": 21, "num_statements": 21, "percent_covered": 100.0, "percent_covered_display": "100", "missing_lines": 0, "excluded_lines": 0, "percent_statements_covered": 100.0, "percent_statements_covered_display": "100"}, "missing_lines": [], "excluded_lines": [], "start_line": 1}}}, "app\\models\\user.py": {"executed_lines": [8, 9, 10, 11, 14, 28, 30, 31, 32, 33, 34, 35, 37, 43, 46, 51, 52, 55, 58, 59, 60, 63, 64, 67, 70, 71, 79, 81, 83, 87, 89, 91, 103, 104, 125, 126, 129, 131, 133, 143, 144, 146, 148, 150, 166, 167, 170, 173, 176, 177, 180, 181, 185, 196, 205, 207, 224], "summary": {"covered_lines": 57, "num_statements": 64, "percent_covered": 89.0625, "percent_covered_display": "89", "missing_lines": 7, "excluded_lines": 0, "percent_statements_covered": 89.0625, "percent_statements_covered_display": "89"}, "missing_lines": [85, 96, 97, 98, 99, 183, 225], "excluded_lines": [], "functions": {"User.set_password": {"executed_lines": [81], "summary": {"covered_lines": 1, "num_statements": 1, "percent_covered": 100.0, "percent_covered_display": "100", "missing_lines": 0, "excluded_lines": 0, "percent_statements_covered": 100.0, "percent_statements_covered_display": "100"}, "missing_lines": [], "excluded_lines": [], "start_line": 79}, "User.check_password": {"executed_lines": [], "summary": {"covered_lines": 0, "num_statements": 1, "percent_covered": 0.0, "percent_covered_display": "0", "missing_lines": 1, "excluded_lines": 0, "percent_statements_covered": 0.0, "percent_statements_covered_display": "0"}, "missing_lines": [85], "excluded_lines": [], "start_line": 83}, "User.get_full_name": {"executed_lines": [89], "summary": {"covered_lines": 1, "num_statements": 1, "percent_covered": 100.0, "percent_covered_display": "100", "missing_lines": 0, "excluded_lines": 0, "percent_statements_covered": 100.0, "percent_statements_covered_display": "100"}, "missing_lines": [], "excluded_lines": [], "start_line": 87}, "User.update_username": {"executed_lines": [], "summary": {"covered_lines": 0, "num_statements": 4, "percent_covered": 0.0, "percent_covered_display": "0", "missing_lines": 4, "excluded_lines": 0, "percent_statements_covered": 0.0, "percent_statements_covered_display": "0"}, "missing_lines": [96, 97, 98, 99], "excluded_lines": [], "start_line": 91}, "User.calculate_level_from_xp": {"executed_lines": [125, 126, 129, 131], "summary": {"covered_lines": 4, "num_statements": 4, "percent_covered": 100.0, "percent_covered_display": "100", "missing_lines": 0, "excluded_lines": 0, "percent_statements_covered": 100.0, "percent_statements_covered_display": "100"}, "missing_lines": [], "excluded_lines": [], "start_line": 104}, "User.update_level": {"executed_lines": [143, 144, 146, 148], "summary": {"covered_lines": 4, "num_statements": 4, "percent_covered": 100.0, "percent_covered_display": "100", "missing_lines": 0, "excluded_lines": 0, "percent_statements_covered": 100.0, "percent_statements_covered_display": "100"}, "missing_lines": [], "excluded_lines": [], "start_line": 133}, "User.get_xp_for_next_level": {"executed_lines": [166, 167, 170, 173, 176, 177, 180, 181, 185], "summary": {"covered_lines": 9, "num_statements": 10, "percent_covered": 90.0, "percent_covered_display": "90", "missing_lines": 1, "excluded_lines": 0, "percent_statements_covered": 90.0, "percent_statements_covered_display": "90"}, "missing_lines": [183], "excluded_lines": [], "start_line": 150}, "User.get_profile_summary": {"executed_lines": [205, 207], "summary": {"covered_lines": 2, "num_statements": 2, "percent_covered": 100.0, "percent_covered_display": "100", "missing_lines": 0, "excluded_lines": 0, "percent_statements_covered": 100.0, "percent_statements_covered_display": "100"}, "missing_lines": [], "excluded_lines": [], "start_line": 196}, "User.__repr__": {"executed_lines": [], "summary": {"covered_lines": 0, "num_statements": 1, "percent_covered": 0.0, "percent_covered_display": "0", "missing_lines": 1, "excluded_lines": 0, "percent_statements_covered": 0.0, "percent_statements_covered_display": "0"}, "missing_lines": [225], "excluded_lines": [], "start_line": 224}, "": {"executed_lines": [8, 9, 10, 11, 14, 28, 30, 31, 32, 33, 34, 35, 37, 43, 46, 51, 52, 55, 58, 59, 60, 63, 64, 67, 70, 71, 79, 83, 87, 91, 103, 104, 133, 150, 196, 224], "summary": {"covered_lines": 36, "num_statements": 36, "percent_covered": 100.0, "percent_covered_display": "100", "missing_lines": 0, "excluded_lines": 0, "percent_statements_covered": 100.0, "percent_statements_covered_display": "100"}, "missing_lines": [], "excluded_lines": [], "start_line": 1}}, "classes": {"User": {"executed_lines": [81, 89, 125, 126, 129, 131, 143, 144, 146, 148, 166, 167, 170, 173, 176, 177, 180, 181, 185, 205, 207], "summary": {"covered_lines": 21, "num_statements": 28, "percent_covered": 75.0, "percent_covered_display": "75", "missing_lines": 7, "excluded_lines": 0, "percent_statements_covered": 75.0, "percent_statements_covered_display": "75"}, "missing_lines": [85, 96, 97, 98, 99, 183, 225], "excluded_lines": [], "start_line": 14}, "": {"executed_lines": [8, 9, 10, 11, 14, 28, 30, 31, 32, 33, 34, 35, 37, 43, 46, 51, 52, 55, 58, 59, 60, 63, 64, 67, 70, 71, 79, 83, 87, 91, 103, 104, 133, 150, 196, 224], "summary": {"covered_lines": 36, "num_statements": 36, "percent_covered": 100.0, "percent_covered_display": "100", "missing_lines": 0, "excluded_lines": 0, "percent_statements_covered": 100.0, "percent_statements_covered_display": "100"}, "missing_lines": [], "excluded_lines": [], "start_line": 1}}}, "app\\models\\user_language.py": {"executed_lines": [1, 2, 3, 6, 20, 22, 23, 28, 34, 40, 41, 44, 45, 48, 53, 57, 64, 68, 70, 79, 80, 99, 112, 126], "summary": {"covered_lines": 24, "num_statements": 36, "percent_covered": 66.66666666666667, "percent_covered_display": "67", "missing_lines": 12, "excluded_lines": 0, "percent_statements_covered": 66.66666666666667, "percent_statements_covered_display": "67"}, "missing_lines": [94, 95, 96, 97, 107, 108, 109, 110, 120, 121, 122, 127], "excluded_lines": [], "functions": {"UserLanguage.calculate_level_from_xp": {"executed_lines": [], "summary": {"covered_lines": 0, "num_statements": 4, "percent_covered": 0.0, "percent_covered_display": "0", "missing_lines": 4, "excluded_lines": 0, "percent_statements_covered": 0.0, "percent_statements_covered_display": "0"}, "missing_lines": [94, 95, 96, 97], "excluded_lines": [], "start_line": 80}, "UserLanguage.update_level": {"executed_lines": [], "summary": {"covered_lines": 0, "num_statements": 4, "percent_covered": 0.0, "percent_covered_display": "0", "missing_lines": 4, "excluded_lines": 0, "percent_statements_covered": 0.0, "percent_statements_covered_display": "0"}, "missing_lines": [107, 108, 109, 110], "excluded_lines": [], "start_line": 99}, "UserLanguage.is_on_cooldown": {"executed_lines": [], "summary": {"covered_lines": 0, "num_statements": 3, "percent_covered": 0.0, "percent_covered_display": "0", "missing_lines": 3, "excluded_lines": 0, "percent_statements_covered": 0.0, "percent_statements_covered_display": "0"}, "missing_lines": [120, 121, 122], "excluded_lines": [], "start_line": 112}, "UserLanguage.__repr__": {"executed_lines": [], "summary": {"covered_lines": 0, "num_statements": 1, "percent_covered": 0.0, "percent_covered_display": "0", "missing_lines": 1, "excluded_lines": 0, "percent_statements_covered": 0.0, "percent_statements_covered_display": "0"}, "missing_lines": [127], "excluded_lines": [], "start_line": 126}, "": {"executed_lines": [1, 2, 3, 6, 20, 22, 23, 28, 34, 40, 41, 44, 45, 48, 53, 57, 64, 68, 70, 79, 80, 99, 112, 126], "summary": {"covered_lines": 24, "num_statements": 24, "percent_covered": 100.0, "percent_covered_display": "100", "missing_lines": 0, "excluded_lines": 0, "percent_statements_covered": 100.0, "percent_statements_covered_display": "100"}, "missing_lines": [], "excluded_lines": [], "start_line": 1}}, "classes": {"UserLanguage": {"executed_lines": [], "summary": {"covered_lines": 0, "num_statements": 12, "percent_covered": 0.0, "percent_covered_display": "0", "missing_lines": 12, "excluded_lines": 0, "percent_statements_covered": 0.0, "percent_statements_covered_display": "0"}, "missing_lines": [94, 95, 96, 97, 107, 108, 109, 110, 120, 121, 122, 127], "excluded_lines": [], "start_line": 6}, "": {"executed_lines": [1, 2, 3, 6, 20, 22, 23, 28, 34, 40, 41, 44, 45, 48, 53, 57, 64, 68, 70, 79, 80, 99, 112, 126], "summary": {"covered_lines": 24, "num_statements": 24, "percent_covered": 100.0, "percent_covered_display": "100", "missing_lines": 0, "excluded_lines": 0, "percent_statements_covered": 100.0, "percent_statements_covered_display": "100"}, "missing_lines": [], "excluded_lines": [], "start_line": 1}}}, "app\\models\\user_skill.py": {"executed_lines": [10, 11, 12, 15, 27, 29, 31, 38, 41, 44, 47, 50, 51, 58, 61, 70, 71, 95, 100, 102, 104, 113, 114, 116, 118, 122, 123, 144, 145, 190], "summary": {"covered_lines": 30, "num_statements": 41, "percent_covered": 73.17073170731707, "percent_covered_display": "73", "missing_lines": 11, "excluded_lines": 0, "percent_statements_covered": 73.17073170731707, "percent_statements_covered_display": "73"}, "missing_lines": [96, 136, 162, 164, 167, 170, 171, 172, 173, 175, 191], "excluded_lines": [], "functions": {"UserSkill.calculate_level_from_xp": {"executed_lines": [95, 100, 102], "summary": {"covered_lines": 3, "num_statements": 4, "percent_covered": 75.0, "percent_covered_display": "75", "missing_lines": 1, "excluded_lines": 0, "percent_statements_covered": 75.0, "percent_statements_covered_display": "75"}, "missing_lines": [96], "excluded_lines": [], "start_line": 71}, "UserSkill.update_level": {"executed_lines": [113, 114, 116, 118], "summary": {"covered_lines": 4, "num_statements": 4, "percent_covered": 100.0, "percent_covered_display": "100", "missing_lines": 0, "excluded_lines": 0, "percent_statements_covered": 100.0, "percent_statements_covered_display": "100"}, "missing_lines": [], "excluded_lines": [], "start_line": 104}, "UserSkill.get_user_top_skills": {"executed_lines": [], "summary": {"covered_lines": 0, "num_statements": 1, "percent_covered": 0.0, "percent_covered_display": "0", "missing_lines": 1, "excluded_lines": 0, "percent_statements_covered": 0.0, "percent_statements_covered_display": "0"}, "missing_lines": [136], "excluded_lines": [], "start_line": 123}, "UserSkill.get_user_skills_summary": {"executed_lines": [], "summary": {"covered_lines": 0, "num_statements": 8, "percent_covered": 0.0, "percent_covered_display": "0", "missing_lines": 8, "excluded_lines": 0, "percent_statements_covered": 0.0, "percent_statements_covered_display": "0"}, "missing_lines": [162, 164, 167, 170, 171, 172, 173, 175], "excluded_lines": [], "start_line": 145}, "UserSkill.__repr__": {"executed_lines": [], "summary": {"covered_lines": 0, "num_statements": 1, "percent_covered": 0.0, "percent_covered_display": "0", "missing_lines": 1, "excluded_lines": 0, "percent_statements_covered": 0.0, "percent_statements_covered_display": "0"}, "missing_lines": [191], "excluded_lines": [], "start_line": 190}, "": {"executed_lines": [10, 11, 12, 15, 27, 29, 31, 38, 41, 44, 47, 50, 51, 58, 61, 70, 71, 104, 122, 123, 144, 145, 190], "summary": {"covered_lines": 23, "num_statements": 23, "percent_covered": 100.0, "percent_covered_display": "100", "missing_lines": 0, "excluded_lines": 0, "percent_statements_covered": 100.0, "percent_statements_covered_display": "100"}, "missing_lines": [], "excluded_lines": [], "start_line": 1}}, "classes": {"UserSkill": {"executed_lines": [95, 100, 102, 113, 114, 116, 118], "summary": {"covered_lines": 7, "num_statements": 18, "percent_covered": 38.888888888888886, "percent_covered_display": "39", "missing_lines": 11, "excluded_lines": 0, "percent_statements_covered": 38.888888888888886, "percent_statements_covered_display": "39"}, "missing_lines": [96, 136, 162, 164, 167, 170, 171, 172, 173, 175, 191], "excluded_lines": [], "start_line": 15}, "": {"executed_lines": [10, 11, 12, 15, 27, 29, 31, 38, 41, 44, 47, 50, 51, 58, 61, 70, 71, 104, 122, 123, 144, 145, 190], "summary": {"covered_lines": 23, "num_statements": 23, "percent_covered": 100.0, "percent_covered_display": "100", "missing_lines": 
[...]
251, 253, 254, 255, 256, 258, 266, 267, 268, 271, 272, 273, 279, 280, 281, 287, 296, 297, 303, 304, 307, 315, 317, 335, 338, 343, 344, 350, 360, 361, 367, 369], "excluded_lines": [], "functions": {"UnifiedAuthService.validate_email_realtime": {"executed_lines": [29, 36, 37, 39, 40, 47, 49, 50], "summary": {"covered_lines": 8, "num_statements": 10, "percent_covered": 80.0, "percent_covered_display": "80", "missing_lines": 2, "excluded_lines": 0, "percent_statements_covered": 80.0, "percent_statements_covered_display": "80"}, "missing_lines": [30, 56], "excluded_lines": [], "start_line": 19}, "UnifiedAuthService.detect_user_type": {"executed_lines": [87, 88, 89, 95, 96, 97], "summary": {"covered_lines": 6, "num_statements": 18, "percent_covered": 33.333333333333336, "percent_covered_display": "33", "missing_lines": 12, "excluded_lines": 0, "percent_statements_covered": 33.333333333333336, "percent_statements_covered_display": "33"}, "missing_lines": [103, 104, 108, 110, 112, 113, 121, 127, 128, 132, 133, 142], "excluded_lines": [], "start_line": 68}, "UnifiedAuthService.unified_login": {"executed_lines": [166, 167, 205, 206, 229], "summary": {"covered_lines": 5, "num_statements": 18, "percent_covered": 27.77777777777778, "percent_covered_display": "28", "missing_lines": 13, "excluded_lines": 0, "percent_statements_covered": 27.77777777777778, "percent_statements_covered_display": "28"}, "missing_lines": [169, 170, 171, 174, 177, 178, 179, 180, 183, 185, 208, 211, 213], "excluded_lines": [], "start_line": 148}, "UnifiedAuthService.unified_signup": {"executed_lines": [], "summary": {"covered_lines": 0, "num_statements": 6, "percent_covered": 0.0, "percent_covered_display": "0", "missing_lines": 6, "excluded_lines": 0, "percent_statements_covered": 0.0, "percent_statements_covered_display": "0"}, "missing_lines": [251, 253, 254, 255, 256, 258], "excluded_lines": [], "start_line": 235}, "UnifiedAuthService._signup_student": {"executed_lines": [], "summary": {"covered_lines": 0, "num_statements": 17, "percent_covered": 0.0, "percent_covered_display": "0", "missing_lines": 17, "excluded_lines": 0, "percent_statements_covered": 0.0, "percent_statements_covered_display": "0"}, "missing_lines": [266, 267, 268, 271, 272, 273, 279, 280, 281, 287, 296, 297, 303, 304, 307, 315, 317], "excluded_lines": [], "start_line": 264}, "UnifiedAuthService._signup_personnel": {"executed_lines": [], "summary": {"covered_lines": 0, "num_statements": 9, "percent_covered": 0.0, "percent_covered_display": "0", "missing_lines": 9, "excluded_lines": 0, "percent_statements_covered": 0.0, "percent_statements_covered_display": "0"}, "missing_lines": [335, 338, 343, 344, 350, 360, 361, 367, 369], "excluded_lines": [], "start_line": 333}, "": {"executed_lines": [7, 8, 9, 10, 11, 12, 15, 18, 19, 67, 68, 147, 148, 234, 235, 263, 264, 332, 333], "summary": {"covered_lines": 19, "num_statements": 19, "percent_covered": 100.0, "percent_covered_display": "100", "missing_lines": 0, "excluded_lines": 0, "percent_statements_covered": 100.0, "percent_statements_covered_display": "100"}, "missing_lines": [], "excluded_lines": [], "start_line": 1}}, "classes": {"UnifiedAuthService": {"executed_lines": [29, 36, 37, 39, 40, 47, 49, 50, 87, 88, 89, 95, 96, 97, 166, 167, 205, 206, 229], "summary": {"covered_lines": 19, "num_statements": 78, "percent_covered": 24.358974358974358, "percent_covered_display": "24", "missing_lines": 59, "excluded_lines": 0, "percent_statements_covered": 24.358974358974358, "percent_statements_covered_display": "24"}, "missing_lines": [30, 56, 103, 104, 108, 110, 112, 113, 121, 127, 128, 132, 133, 142, 169, 170, 171, 174, 177, 178, 179, 180, 183, 185, 208, 211, 213, 251, 253, 254, 255, 256, 258, 266, 267, 268, 271, 272, 273, 279, 280, 281, 287, 296, 297, 303, 304, 307, 315, 317, 335, 338, 343, 344, 350, 360, 361, 367, 369], "excluded_lines": [], "start_line": 15}, "": {"executed_lines": [7, 8, 9, 10, 11, 12, 15, 18, 19, 67, 68, 147, 148, 234, 235, 263, 264, 332, 333], "summary": {"covered_lines": 19, "num_statements": 19, "percent_covered": 100.0, "percent_covered_display": "100", "missing_lines": 0, "excluded_lines": 0, "percent_statements_covered": 100.0, "percent_statements_covered_display": "100"}, "missing_lines": [], "excluded_lines": [], "start_line": 1}}}, "app\\services\\whitelist_service.py": {"executed_lines": [7, 8, 9, 10, 11, 12, 15, 18, 19, 36, 37, 41, 42, 43, 46, 47, 56, 57, 59, 65, 66, 83, 90, 91, 92, 93, 95, 100, 108, 109, 111, 112, 114, 116, 117, 131, 133, 134, 136, 137, 138, 144, 156, 157, 167, 169, 172, 173, 175, 176, 177, 178, 184, 185, 195, 197, 198, 199, 201, 202, 230, 231, 242, 244, 245, 247, 249, 250, 265, 266, 276, 277, 280, 282], "summary": {"covered_lines": 74, "num_statements": 100, "percent_covered": 74.0, "percent_covered_display": "74", "missing_lines": 26, "excluded_lines": 0, "percent_statements_covered": 74.0, "percent_statements_covered_display": "74"}, "missing_lines": [38, 61, 62, 63, 96, 97, 98, 148, 149, 170, 180, 181, 182, 213, 215, 216, 218, 219, 221, 222, 223, 224, 226, 227, 228, 260], "excluded_lines": [], "functions": {"WhitelistService.add_email_to_whitelist": {"executed_lines": [36, 37, 41, 42, 43, 46, 47, 56, 57, 59], "summary": {"covered_lines": 10, "num_statements": 14, "percent_covered": 71.42857142857143, "percent_covered_display": "71", "missing_lines": 4, "excluded_lines": 0, "percent_statements_covered": 71.42857142857143, "percent_statements_covered_display": "71"}, "missing_lines": [38, 61, 62, 63], "excluded_lines": [], "start_line": 19}, "WhitelistService.bulk_add_emails": {"executed_lines": [83, 90, 91, 92, 93, 95, 100, 108, 109, 111, 112, 114], "summary": {"covered_lines": 12, "num_statements": 15, "percent_covered": 80.0, "percent_covered_display": "80", "missing_lines": 3, "excluded_lines": 0, "percent_statements_covered": 80.0, "percent_statements_covered_display": "80"}, "missing_lines": [96, 97, 98], "excluded_lines": [], "start_line": 66}, "WhitelistService.bulk_add_from_csv": {"executed_lines": [131, 133, 134, 136, 137, 138, 144], "summary": {"covered_lines": 7, "num_statements": 9, "percent_covered": 77.77777777777777, "percent_covered_display": "78", "missing_lines": 2, "excluded_lines": 0, "percent_statements_covered": 77.77777777777777, "percent_statements_covered_display": "78"}, "missing_lines": [148, 149], "excluded_lines": [], "start_line": 117}, "WhitelistService.remove_from_whitelist": {"executed_lines": [167, 169, 172, 173, 175, 176, 177, 178], "summary": {"covered_lines": 8, "num_statements": 12, "percent_covered": 66.66666666666667, "percent_covered_display": "67", "missing_lines": 4, "excluded_lines": 0, "percent_statements_covered": 66.66666666666667, "percent_statements_covered_display": "67"}, "missing_lines": [170, 180, 181, 182], "excluded_lines": [], "start_line": 157}, "WhitelistService.check_if_whitelisted": {"executed_lines": [195, 197, 198, 199], "summary": {"covered_lines": 4, "num_statements": 4, "percent_covered": 100.0, "percent_covered_display": "100", "missing_lines": 0, "excluded_lines": 0, "percent_statements_covered": 100.0, "percent_statements_covered_display": "100"}, "missing_lines": [], "excluded_lines": [], "start_line": 185}, "WhitelistService.mark_email_registered": {"executed_lines": [], "summary": {"covered_lines": 0, "num_statements": 12, "percent_covered": 0.0, "percent_covered_display": "0", "missing_lines": 12, "excluded_lines": 0, "percent_statements_covered": 0.0, "percent_statements_covered_display": "0"}, "missing_lines": [213, 215, 216, 218, 219, 221, 222, 223, 224, 226, 227, 228], "excluded_lines": [], "start_line": 202}, "WhitelistService.get_college_whitelist": {"executed_lines": [242, 244, 245, 247], "summary": {"covered_lines": 4, "num_statements": 4, "percent_covered": 100.0, "percent_covered_display": "100", "missing_lines": 0, "excluded_lines": 0, "percent_statements_covered": 100.0, "percent_statements_covered_display": "100"}, "missing_lines": [], "excluded_lines": [], "start_line": 231}, "WhitelistService.get_pending_registrations": {"executed_lines": [], "summary": {"covered_lines": 0, "num_statements": 1, "percent_covered": 0.0, "percent_covered_display": "0", "missing_lines": 1, "excluded_lines": 0, "percent_statements_covered": 0.0, "percent_statements_covered_display": "0"}, "missing_lines": [260], "excluded_lines": [], "start_line": 250}, "WhitelistService.get_whitelist_stats": {"executed_lines": [276, 277, 280, 282], "summary": {"covered_lines": 4, "num_statements": 4, "percent_covered": 100.0, "percent_covered_display": "100", "missing_lines": 0, "excluded_lines": 0, "percent_statements_covered": 100.0, "percent_statements_covered_display": "100"}, "missing_lines": [], "excluded_lines": [], "start_line": 266}, "": {"executed_lines": [7, 8, 9, 10, 11, 12, 15, 18, 19, 65, 66, 116, 117, 156, 157, 184, 185, 201, 202, 230, 231, 249, 250, 265, 266], "summary": {"covered_lines": 25, "num_statements": 25, "percent_covered": 100.0, "percent_covered_display": "100", "missing_lines": 0, "excluded_lines": 0, "percent_statements_covered": 100.0, "percent_statements_covered_display": "100"}, "missing_lines": [], "excluded_lines": [], "start_line": 1}}, "classes": {"WhitelistService": {"executed_lines": [36, 37, 41, 42, 43, 46, 47, 56, 57, 59, 83, 90, 91, 92, 93, 95, 100, 108, 109, 111, 112, 114, 131, 133, 134, 136, 137, 138, 144, 167, 169, 172, 173, 175, 176, 177, 178, 195, 197, 198, 199, 242, 244, 245, 247, 276, 277, 280, 282], "summary": {"covered_lines": 49, "num_statements": 75, "percent_covered": 65.33333333333333, "percent_covered_display": "65", "missing_lines": 26, "excluded_lines": 0, "percent_statements_covered": 65.33333333333333, "percent_statements_covered_display": "65"}, "missing_lines": [38, 61, 62, 63, 96, 97, 98, 148, 149, 170, 180, 181, 182, 213, 215, 216, 218, 219, 221, 222, 223, 224, 226, 227, 228, 260], "excluded_lines": [], "start_line": 15}, "": {"executed_lines": [7, 8, 9, 10, 11, 12, 15, 18, 19, 65, 66, 116, 117, 156, 157, 184, 185, 201, 202, 230, 231, 249, 250, 265, 266], "summary": {"covered_lines": 25, "num_statements": 25, "percent_covered": 100.0, "percent_covered_display": "100", "missing_lines": 0, "excluded_lines": 0, "percent_statements_covered": 100.0, "percent_statements_covered_display": "100"}, "missing_lines": [], "excluded_lines": [], "start_line": 1}}}, "app\\services\\xp_service.py": {"executed_lines": [8, 9, 10, 16, 17, 20, 31, 32, 60, 61, 69, 72, 73, 76, 77, 79, 80, 88, 89, 92, 95, 96, 97, 100, 103, 118, 121, 123, 134, 135, 201, 202, 233, 234, 241, 243, 244, 245, 247, 248, 259, 261, 262, 264, 265, 270, 271, 284, 286, 291, 293, 301, 303, 311, 313, 315, 316, 331, 333, 342, 343, 346, 363, 364, 374, 376, 383], "summary": {"covered_lines": 67, "num_statements": 88, "percent_covered": 76.13636363636364, "percent_covered_display": "76", "missing_lines": 21, "excluded_lines": 0, "percent_statements_covered": 76.13636363636364, "percent_statements_covered_display": "76"}, "missing_lines": [155, 156, 162, 163, 166, 169, 170, 173, 187, 190, 192, 214, 216, 217, 223, 268, 288, 304, 306, 309, 344], "excluded_lines": [], "functions": {"XPService.award_xp": {"executed_lines": [60, 61, 69, 72, 73, 76, 77, 79, 80, 88, 89, 92, 95, 96, 97, 100, 103, 118, 121, 123], "summary": {"covered_lines": 20, "num_statements": 20, "percent_covered": 100.0, "percent_covered_display": "100", "missing_lines": 0, "excluded_lines": 0, "percent_statements_covered": 100.0, "percent_statements_covered_display": "100"}, "missing_lines": [], "excluded_lines": [], "start_line": 32}, "XPService.remove_xp": {"executed_lines": [], "summary": {"covered_lines": 0, "num_statements": 11, "percent_covered": 0.0, "percent_covered_display": "0", "missing_lines": 11, "excluded_lines": 0, "percent_statements_covered": 0.0, "percent_statements_covered_display": "0"}, "missing_lines": [155, 156, 162, 163, 166, 169, 170, 173, 187, 190, 192], "excluded_lines": [], "start_line": 135}, "XPService.award_standard_xp": {"executed_lines": [], "summary": {"covered_lines": 0, "num_statements": 4, "percent_covered": 0.0, "percent_covered_display": "0", "missing_lines": 4, "excluded_lines": 0, "percent_statements_covered": 0.0, "percent_statements_covered_display": "0"}, "missing_lines": [214, 216, 217, 223], "excluded_lines": [], "start_line": 202}, "XPService._reset_daily_xp_if_needed": {"executed_lines": [241, 243, 244, 245], "summary": {"covered_lines": 4, "num_statements": 4, "percent_covered": 100.0, "percent_covered_display": "100", "missing_lines": 0, "excluded_lines": 0, "percent_statements_covered": 100.0, "percent_statements_covered_display": "100"}, "missing_lines": [], "excluded_lines": [], "start_line": 234}, "XPService._check_daily_cap": {"executed_lines": [259, 261, 262, 264, 265], "summary": {"covered_lines": 5, "num_statements": 6, "percent_covered": 83.33333333333333, "percent_covered_display": "83", "missing_lines": 1, "excluded_lines": 0, "percent_statements_covered": 83.33333333333333, "percent_statements_covered_display": "83"}, "missing_lines": [268], "excluded_lines": [], "start_line": 248}, "XPService._apply_diminishing_returns": {"executed_lines": [284, 286, 291, 293, 301, 303, 311, 313], "summary": {"covered_lines": 8, "num_statements": 12, "percent_covered": 66.66666666666667, "percent_covered_display": "67", "missing_lines": 4, "excluded_lines": 0, "percent_statements_covered": 66.66666666666667, "percent_statements_covered_display": "67"}, "missing_lines": [288, 304, 306, 309], "excluded_lines": [], "start_line": 271}, "XPService.get_daily_summary": {"executed_lines": [331, 333, 342, 343, 346], "summary": {"covered_lines": 5, "num_statements": 6, "percent_covered": 83.33333333333333, "percent_covered_display": "83", "missing_lines": 1, "excluded_lines": 0, "percent_statements_covered": 83.33333333333333, "percent_statements_covered_display": "83"}, "missing_lines": [344], "excluded_lines": [], "start_line": 316}, "XPService.get_xp_leaderboard": {"executed_lines": [374, 376, 383], "summary": {"covered_lines": 3, "num_statements": 3, "percent_covered": 100.0, "percent_covered_display": "100", "missing_lines": 0, "excluded_lines": 0, "percent_statements_covered": 100.0, "percent_statements_covered_display": "100"}, "missing_lines": [], "excluded_lines": [], "start_line": 364}, "": {"executed_lines": [8, 9, 10, 16, 17, 20, 31, 32, 134, 135, 201, 202, 233, 234, 247, 248, 270, 271, 315, 316, 363, 364], "summary": {"covered_lines": 22, "num_statements": 22, "percent_covered": 100.0, "percent_covered_display": "100", "missing_lines": 0, "excluded_lines": 0, "percent_statements_covered": 100.0, "percent_statements_covered_display": "100"}, "missing_lines": [], "excluded_lines": [], "start_line": 1}}, "classes": {"XPService": {"executed_lines": [60, 61, 69, 72, 73, 76, 77, 79, 80, 88, 89, 92, 95, 96, 97, 100, 103, 118, 121, 123, 241, 243, 244, 245, 259, 261, 262, 264, 265, 284, 286, 291, 293, 301, 303, 311, 313, 331, 333, 342, 343, 346, 374, 376, 383], "summary": {"covered_lines": 45, "num_statements": 66, "percent_covered": 68.18181818181819, "percent_covered_display": "68", "missing_lines": 21, "excluded_lines": 0, "percent_statements_covered": 68.18181818181819, "percent_statements_covered_display": "68"}, "missing_lines": [155, 156, 162, 163, 166, 169, 170, 173, 187, 190, 192, 214, 216, 217, 223, 268, 288, 304, 306, 309, 344], "excluded_lines": [], "start_line": 20}, "": {"executed_lines": [8, 9, 10, 16, 17, 20, 31, 32, 134, 135, 201, 202, 233, 234, 247, 248, 270, 271, 315, 316, 363, 364], "summary": {"covered_lines": 22, "num_statements": 22, "percent_covered": 100.0, "percent_covered_display": "100", "missing_lines": 0, "excluded_lines": 0, "percent_statements_covered": 100.0, "percent_statements_covered_display": "100"}, "missing_lines": [], "excluded_lines": [], "start_line": 1}}}, "app\\utils\\jwt_helpers.py": {"executed_lines": [1, 3, 4, 6, 9, 28], "summary": {"covered_lines": 6, "num_statements": 35, "percent_covered": 17.142857142857142, "percent_covered_display": "17", "missing_lines": 29, "excluded_lines": 0, "percent_statements_covered": 17.142857142857142, "percent_statements_covered_display": "17"}, "missing_lines": [10, 11, 12, 13, 15, 16, 17, 18, 20, 21, 22, 23, 24, 25, 29, 30, 31, 32, 34, 35, 36, 37, 39, 40, 41, 42, 43, 44, 45], "excluded_lines": [], "functions": {"get_user_id_or_redirect": {"executed_lines": [], "summary": {"covered_lines": 0, "num_statements": 14, "percent_covered": 0.0, "percent_covered_display": "0", "missing_lines": 14, "excluded_lines": 0, "percent_statements_covered": 0.0, "percent_statements_covered_display": "0"}, "missing_lines": [10, 11, 12, 13, 15, 16, 17, 18, 20, 21, 22, 23, 24, 25], "excluded_lines": [], "start_line": 9}, "get_college_id_or_redirect": {"executed_lines": [], "summary": {"covered_lines": 0, "num_statements": 15, "percent_covered": 0.0, "percent_covered_display": "0", "missing_lines": 15, "excluded_lines": 0, "percent_statements_covered": 0.0, "percent_statements_covered_display": "0"}, "missing_lines": [29, 30, 31, 32, 34, 35, 36, 37, 39, 40, 41, 42, 43, 44, 45], "excluded_lines": [], "start_line": 28}, "": {"executed_lines": [1, 3, 4, 6, 9, 28], "summary": {"covered_lines": 6, "num_statements": 6, "percent_covered": 100.0, "percent_covered_display": "100", "missing_lines": 0, "excluded_lines": 0, "percent_statements_covered": 100.0, "percent_statements_covered_display": "100"}, "missing_lines": [], "excluded_lines": [], "start_line": 1}}, "classes": {"": {"executed_lines": [1, 3, 4, 6, 9, 28], "summary": {"covered_lines": 6, "num_statements": 35, "percent_covered": 17.142857142857142, "percent_covered_display": "17", "missing_lines": 29, "excluded_lines": 0, "percent_statements_covered": 17.142857142857142, "percent_statements_covered_display": "17"}, "missing_lines": [10, 11, 12, 13, 15, 16, 17, 18, 20, 21, 22, 23, 24, 25, 29, 30, 31, 32, 34, 35, 36, 37, 39, 40, 41, 42, 43, 44, 45], "excluded_lines": [], "start_line": 1}}}, "app\\utils\\validators.py": {"executed_lines": [1, 3, 6], "summary": {"covered_lines": 3, "num_statements": 6, "percent_covered": 50.0, "percent_covered_display": "50", "missing_lines": 3, "excluded_lines": 0, "percent_statements_covered": 50.0, "percent_statements_covered_display": "50"}, "missing_lines": [4, 7, 8], "excluded_lines": [], "functions": {"is_empty": {"executed_lines": [], "summary": {"covered_lines": 0, "num_statements": 1, "percent_covered": 0.0, "percent_covered_display": "0", "missing_lines": 1, "excluded_lines": 0, "percent_statements_covered": 0.0, "percent_statements_covered_display": "0"}, "missing_lines": [4], "excluded_lines": [], "start_line": 3}, "is_valid_email": {"executed_lines": [], "summary": {"covered_lines": 0, "num_statements": 2, "percent_covered": 0.0, "percent_covered_display": "0", "missing_lines": 2, "excluded_lines": 0, "percent_statements_covered": 0.0, "percent_statements_covered_display": "0"}, "missing_lines": [7, 8], "excluded_lines": [], "start_line": 6}, "": {"executed_lines": [1, 3, 6], "summary": {"covered_lines": 3, "num_statements": 3, "percent_covered": 100.0, "percent_covered_display": "100", "missing_lines": 0, "excluded_lines": 0, "percent_statements_covered": 100.0, "percent_statements_covered_display": "100"}, "missing_lines": [], "excluded_lines": [], "start_line": 1}}, "classes": {"": {"executed_lines": [1, 3, 6], "summary": {"covered_lines": 3, "num_statements": 6, "percent_covered": 50.0, "percent_covered_display": "50", "missing_lines": 3, "excluded_lines": 0, "percent_statements_covered": 50.0, "percent_statements_covered_display": "50"}, "missing_lines": [4, 7, 8], "excluded_lines": [], "start_line": 1}}}}, "totals": {"covered_lines": 1963, "num_statements": 3701, "percent_covered": 53.039718994866256, "percent_covered_display": "53", "missing_lines": 1738, "excluded_lines": 5, "percent_statements_covered": 53.039718994866256, "percent_statements_covered_display": "53"}}